    1      600 100000.0000 100000.0000 100000.0000 100000.0000 100000.0000 100000.0000 100000.0000 100000.0000 100000.0000 100000.0000 100000.0000 100000.0000 100000.0000
    2      700      2.9362      5.1136      3.9799      8.4308      5.5230      2.5105      2.2630      2.9204      2.4204      4.1568     10.1118      4.3437      6.3708
    3      800      3.0813      3.4456      3.0436      2.8416      3.2672      2.4295      1.7984      1.2911      1.7108      2.2208      2.6598      2.0213      3.0627
    4      900      1.8785      3.1925      2.0941      2.3793      2.8129      2.2278      2.6615      1.2392      1.5746      1.6924      1.7253      1.3850      2.2178
    5     1000      1.8499      2.0764      1.9946      2.2802      2.6914      2.0204      1.6535      1.4455      1.7801      1.7215      1.6697      1.3778      1.7624
    6     1100      2.0668      1.7291      1.7361      2.0934      2.7764      2.1891      1.2445      1.4162      2.0374      1.8743      1.8435      1.4772      1.7261
    7     1200      2.0266      1.7826      1.6208      1.8658      1.6121      2.4338      1.1394      1.2643      1.8030      1.7183      1.2909      1.6684      1.9326
    8     1300      1.8214      1.6526      1.4695      1.6576      1.3150      1.8135      1.2618      1.1918      1.5875      1.6047      1.2524      1.6549      2.0838
    9     1400      1.4567      1.4318      1.3268      1.3841      1.1703      1.3796      1.3823      1.1722      1.4387      1.5420      1.2513      1.4980      2.0347
   10     1500      1.2985      1.3884      1.2191      1.2810      1.0857      1.2012      1.3383      1.1657      1.4256      1.5092      1.2125      1.3611      1.8737
   11     1600      1.1869      1.3155      1.1485      1.1577      1.0446      1.1325      1.2187      1.1123      1.4760      1.4774      1.1668      1.2499      1.4694
   12     1700      1.1229      1.2459      1.1025      1.1122      1.0743      1.1154      1.1783      1.1164      1.4882      1.3543      1.1363      1.1715      1.3029
   13     1800      1.1045      1.2088      1.0717      1.1046      1.1307      1.1130      1.1913      1.1557      1.3629      1.2720      1.1074      1.1690      1.1913
   14     1900      1.1170      1.1743      1.0889      1.1288      1.2075      1.1162      1.2185      1.2112      1.2306      1.1649      1.0907      1.1577      1.1227
   15     2000      1.1294      1.1316      1.1225      1.1562      1.3493      1.1456      1.2206      1.2989      1.1755      1.1144      1.0779      1.1408      1.0847
   16     2100      1.1297      1.0977      1.1444      1.1870      1.3837      1.1246      1.1894      1.3863      1.1757      1.0896      1.0581      1.1392      1.0785
   17     2200      1.1129      1.0602      1.1656      1.1952      1.4134      1.1066      1.1641      1.4547      1.1799      1.0687      1.0512      1.1300      1.0707
   18     2300      1.0868      1.0374      1.1574      1.2110      1.4110      1.0996      1.1674      1.5055      1.1756      1.0587      1.0635      1.1115      1.0781
   19     2400      1.0829      1.0301      1.1547      1.2348      1.4076      1.1265      1.1957      1.5786      1.1664      1.0766      1.0884      1.0950      1.0891
   20     2500      1.0665      1.0496      1.1504      1.2407      1.3700      1.1246      1.2040      1.5531      1.1326      1.0808      1.0881      1.0784      1.1182
