    1	79816694.021 79816694.021
    2	79816694.021 79816694.021
    3	79816694.021 79816694.021
    4	80372151.954 80372151.954
    5	80372151.954 80372151.954
    6	80372151.954 80372151.954
    7	80372151.954 80372151.954
    8	80372151.954 80372151.954
    9	80372151.954 80372151.954
   10	80372151.954 80372151.954
   11	80372151.954 80372151.954
   12	80372151.954 80372151.954
   13	80372151.954 80372151.954
   14	80372151.954 80372151.954
   15	80396651.036 80396651.036
   16	80957012.373 80957012.373
   17	80957012.373 80957012.373
   18	80957012.373 80957012.373
   19	80957012.373 80957012.373
   20	80957012.373 80957012.373
   21	81024268.079 81024268.079
   22	81529459.856 81529459.856
   23	81574472.187 81574472.187
   24	81910173.428 81910173.428
   25	82145857.456 82145857.456
   26	82602820.477 82602820.477
   27	82738739.797 82738739.797
   28	82738739.797 82738739.797
   29	82738739.797 82738739.797
   30	82738739.797 82738739.797
   31	82738739.797 82738739.797
   32	82738739.797 82738739.797
   33	82738739.797 82738739.797
   34	82738739.797 82738739.797
   35	82738739.797 82738739.797
   36	82738739.797 82738739.797
   37	82738739.797 82738739.797
   38	83450847.973 83450847.973
   39	83450847.973 83450847.973
   40	83450847.973 83450847.973
   41	83450847.973 83450847.973
   42	83450847.973 83450847.973
   43	84309229.517 84309229.517
   44	84309229.517 84309229.517
   45	84309229.517 84309229.517
   46	84309229.517 84309229.517
   47	84309229.517 84309229.517
   48	84767952.119 84767952.119
   49	84767952.119 84767952.119
   50	84767952.119 84767952.119
   51	84770451.923 84770451.923
   52	84770451.923 84770451.923
   53	84770451.923 84770451.923
   54	84845552.240 84845552.240
   55	84845552.240 84845552.240
   56	84845552.240 84845552.240
   57	84845552.240 84845552.240
   58	84845552.240 84845552.240
   59	84845552.240 84845552.240
   60	84845552.240 84845552.240
   61	84908426.789 84908426.789
   62	84908426.789 84908426.789
   63	84908426.789 84908426.789
   64	85045731.598 85045731.598
   65	85045731.598 85045731.598
   66	85055341.193 85055341.193
   67	85055341.193 85055341.193
   68	85055341.193 85055341.193
   69	85055341.193 85055341.193
   70	85055341.193 85055341.193
   71	85055341.193 85055341.193
   72	85055341.193 85055341.193
   73	85055341.193 85055341.193
   74	85055341.193 85055341.193
   75	85055341.193 85055341.193
   76	85055341.193 85055341.193
   77	85055341.193 85055341.193
   78	85055341.193 85055341.193
   79	85055341.193 85055341.193
   80	85055341.193 85055341.193
   81	85055341.193 85055341.193
   82	85055341.193 85055341.193
   83	85055341.193 85055341.193
   84	85055341.193 85055341.193
   85	85055341.193 85055341.193
   86	85055341.193 85055341.193
   87	85055341.193 85055341.193
   88	85055341.193 85055341.193
   89	85055341.193 85055341.193
   90	85055341.193 85055341.193
   91	85055341.193 85055341.193
   92	85055341.193 85055341.193
   93	85055341.193 85055341.193
   94	85055341.193 85055341.193
   95	85096328.616 85096328.616
   96	85096328.616 85096328.616
   97	85096328.616 85096328.616
   98	85096328.616 85096328.616
   99	85253620.560 85253620.560
  100	85253620.560 85253620.560
  101	85253620.560 85253620.560
  102	85253620.560 85253620.560
  103	85253620.560 85253620.560
  104	85253620.560 85253620.560
  105	85253620.560 85253620.560
  106	85253620.560 85253620.560
  107	85253620.560 85253620.560
  108	85253620.560 85253620.560
  109	85253620.560 85253620.560
  110	85253620.560 85253620.560
  111	85253620.560 85253620.560
  112	85253620.560 85253620.560
  113	85253620.560 85253620.560
  114	85253620.560 85253620.560
  115	85253620.560 85253620.560
  116	85253620.560 85253620.560
  117	85253620.560 85253620.560
  118	85253620.560 85253620.560
  119	85253620.560 85253620.560
  120	85253620.560 85253620.560
  121	85281630.495 85281630.495
  122	85281630.495 85281630.495
  123	85281630.495 85281630.495
  124	85281630.495 85281630.495
  125	85281630.495 85281630.495
  126	85281630.495 85281630.495
  127	85281630.495 85281630.495
  128	85349731.321 85349731.321
  129	85349731.321 85349731.321
  130	85349731.321 85349731.321
  131	85349731.321 85349731.321
  132	85369812.928 85369812.928
  133	85369812.928 85369812.928
  134	85369812.928 85369812.928
  135	85369812.928 85369812.928
  136	85369812.928 85369812.928
  137	85369812.928 85369812.928
  138	85369812.928 85369812.928
  139	85369812.928 85369812.928
  140	85369812.928 85369812.928
  141	85369812.928 85369812.928
  142	85382749.450 85382749.450
  143	85382749.450 85382749.450
  144	85382749.450 85382749.450
  145	85382749.450 85382749.450
  146	85382749.450 85382749.450
  147	85382749.450 85382749.450
  148	85382749.450 85382749.450
  149	85382749.450 85382749.450
  150	85382749.450 85382749.450
  151	85382749.450 85382749.450
  152	85382749.450 85382749.450
  153	85382749.450 85382749.450
  154	85382749.450 85382749.450
  155	85478915.091 85478915.091
  156	85480142.510 85480142.510
  157	85480142.510 85480142.510
  158	85480142.510 85480142.510
  159	85480142.510 85480142.510
  160	85480142.510 85480142.510
  161	85480142.510 85480142.510
  162	85480142.510 85480142.510
  163	85480142.510 85480142.510
  164	85480142.510 85480142.510
  165	85480142.510 85480142.510
  166	85480142.510 85480142.510
  167	85480142.510 85480142.510
  168	85480142.510 85480142.510
  169	85480142.510 85480142.510
  170	85480142.510 85480142.510
  171	85480142.510 85480142.510
  172	85480142.510 85480142.510
  173	85689662.884 85689662.884
  174	85689662.884 85689662.884
  175	85689662.884 85689662.884
  176	85689662.884 85689662.884
  177	85689662.884 85689662.884
  178	85756639.899 85756639.899
  179	85756639.899 85756639.899
  180	85756639.899 85756639.899
  181	85756639.899 85756639.899
  182	85779449.466 85779449.466
  183	85779449.466 85779449.466
  184	85779449.466 85779449.466
  185	85779449.466 85779449.466
  186	85779449.466 85779449.466
  187	85779449.466 85779449.466
  188	85779449.466 85779449.466
  189	85779449.466 85779449.466
  190	85779449.466 85779449.466
  191	85779449.466 85779449.466
  192	85779449.466 85779449.466
  193	85779449.466 85779449.466
  194	85848744.669 85848744.669
  195	85848744.669 85848744.669
  196	85848744.669 85848744.669
  197	85848744.669 85848744.669
  198	85848744.669 85848744.669
  199	85848744.669 85848744.669
  200	85848744.669 85848744.669
  201	85848744.669 85848744.669
  202	85848744.669 85848744.669
  203	85848744.669 85848744.669
  204	85848744.669 85848744.669
  205	85848744.669 85848744.669
  206	85848744.669 85848744.669
  207	85848744.669 85848744.669
  208	85848744.669 85848744.669
  209	85848744.669 85848744.669
  210	85848744.669 85848744.669
  211	85848744.669 85848744.669
  212	85848744.669 85848744.669
  213	85848744.669 85848744.669
  214	85848744.669 85848744.669
  215	85848744.669 85848744.669
  216	85848744.669 85848744.669
  217	85848744.669 85848744.669
  218	85848744.669 85848744.669
  219	85848744.669 85848744.669
  220	85848744.669 85848744.669
  221	85848744.669 85848744.669
  222	85848744.669 85848744.669
  223	85904228.241 85904228.241
  224	85904228.241 85904228.241
  225	85904228.241 85904228.241
  226	85904228.241 85904228.241
  227	85904228.241 85904228.241
  228	85904228.241 85904228.241
  229	85904228.241 85904228.241
  230	85904228.241 85904228.241
  231	85904228.241 85904228.241
  232	85904228.241 85904228.241
  233	85939133.710 85939133.710
  234	85939133.710 85939133.710
  235	85939133.710 85939133.710
  236	85939133.710 85939133.710
  237	85939133.710 85939133.710
  238	85939133.710 85939133.710
  239	85939133.710 85939133.710
  240	85939133.710 85939133.710
  241	85939133.710 85939133.710
  242	85939133.710 85939133.710
  243	85939133.710 85939133.710
  244	85939133.710 85939133.710
  245	85939133.710 85939133.710
  246	85939133.710 85939133.710
  247	85975936.268 85975936.268
  248	86040308.195 86040308.195
  249	86049374.713 86049374.713
  250	86049374.713 86049374.713
  251	86049374.713 86049374.713
  252	86049374.713 86049374.713
  253	86049374.713 86049374.713
  254	86049374.713 86049374.713
  255	86049374.713 86049374.713
  256	86049374.713 86049374.713
  257	86049374.713 86049374.713
  258	86049374.713 86049374.713
  259	86049374.713 86049374.713
  260	86247310.234 86247310.234
  261	86247310.234 86247310.234
  262	86247310.234 86247310.234
  263	86247310.234 86247310.234
  264	86247310.234 86247310.234
  265	86247310.234 86247310.234
  266	86247310.234 86247310.234
  267	86305287.659 86305287.659
  268	86305287.659 86305287.659
  269	86305287.659 86305287.659
  270	86305287.659 86305287.659
  271	86609859.134 86609859.134
  272	86609859.134 86609859.134
  273	86609859.134 86609859.134
  274	86609859.134 86609859.134
  275	86609859.134 86609859.134
  276	86609859.134 86609859.134
  277	86609859.134 86609859.134
  278	86609859.134 86609859.134
  279	86609859.134 86609859.134
  280	86609859.134 86609859.134
  281	86609859.134 86609859.134
  282	86609859.134 86609859.134
  283	86609859.134 86609859.134
  284	86609859.134 86609859.134
  285	86609859.134 86609859.134
  286	86609859.134 86609859.134
  287	86609859.134 86609859.134
  288	86609859.134 86609859.134
  289	86614476.178 86614476.178
  290	86614476.178 86614476.178
  291	86614476.178 86614476.178
  292	86614476.178 86614476.178
  293	86614476.178 86614476.178
  294	86656686.193 86656686.193
  295	86656686.193 86656686.193
  296	86656686.193 86656686.193
  297	86656686.193 86656686.193
  298	86656686.193 86656686.193
  299	86656686.193 86656686.193
  300	86664603.367 86664603.367
  301	86664603.367 86664603.367
  302	86664603.367 86664603.367
  303	86666732.009 86666732.009
  304	86666732.009 86666732.009
  305	86666732.009 86666732.009
  306	86666732.009 86666732.009
  307	86750445.683 86750445.683
  308	86750445.683 86750445.683
  309	86750445.683 86750445.683
  310	86805972.021 86805972.021
  311	86805972.021 86805972.021
  312	86805972.021 86805972.021
  313	86869160.704 86869160.704
  314	86869160.704 86869160.704
  315	86869160.704 86869160.704
  316	86869160.704 86869160.704
  317	86869160.704 86869160.704
  318	86869160.704 86869160.704
  319	86869160.704 86869160.704
  320	86869160.704 86869160.704
  321	86869160.704 86869160.704
  322	86869160.704 86869160.704
  323	86869160.704 86869160.704
  324	86869160.704 86869160.704
  325	86869160.704 86869160.704
  326	86869160.704 86869160.704
  327	86869160.704 86869160.704
  328	86869160.704 86869160.704
  329	86879689.097 86879689.097
  330	86879689.097 86879689.097
  331	86879689.097 86879689.097
  332	86879689.097 86879689.097
  333	86879689.097 86879689.097
  334	86879689.097 86879689.097
  335	86879689.097 86879689.097
  336	86879689.097 86879689.097
  337	86879689.097 86879689.097
  338	86879689.097 86879689.097
  339	86879689.097 86879689.097
  340	86879689.097 86879689.097
  341	86879689.097 86879689.097
  342	86879689.097 86879689.097
  343	86879689.097 86879689.097
  344	86879689.097 86879689.097
  345	86879689.097 86879689.097
  346	86879689.097 86879689.097
  347	87022435.219 87022435.219
  348	87022435.219 87022435.219
  349	87022435.219 87022435.219
  350	87022435.219 87022435.219
  351	87022435.219 87022435.219
  352	87022435.219 87022435.219
  353	87022435.219 87022435.219
  354	87022435.219 87022435.219
  355	87022435.219 87022435.219
  356	87022435.219 87022435.219
  357	87022435.219 87022435.219
  358	87022435.219 87022435.219
  359	87022435.219 87022435.219
  360	87022435.219 87022435.219
  361	87022435.219 87022435.219
  362	87022435.219 87022435.219
  363	87022435.219 87022435.219
  364	87022435.219 87022435.219
  365	87022435.219 87022435.219
  366	87022435.219 87022435.219
  367	87022435.219 87022435.219
  368	87022435.219 87022435.219
  369	87022435.219 87022435.219
  370	87022435.219 87022435.219
  371	87206664.854 87206664.854
  372	87480399.725 87480399.725
  373	87480399.725 87480399.725
  374	87480399.725 87480399.725
  375	87480399.725 87480399.725
  376	87480399.725 87480399.725
  377	87480399.725 87480399.725
  378	87554553.428 87554553.428
  379	87554553.428 87554553.428
  380	87688248.698 87688248.698
  381	87688248.698 87688248.698
  382	87688248.698 87688248.698
  383	87688248.698 87688248.698
  384	87688248.698 87688248.698
  385	87688248.698 87688248.698
  386	87688248.698 87688248.698
  387	87768774.056 87768774.056
  388	87768774.056 87768774.056
  389	87768774.056 87768774.056
  390	87768774.056 87768774.056
  391	87768774.056 87768774.056
  392	87768774.056 87768774.056
  393	87768774.056 87768774.056
  394	87768774.056 87768774.056
  395	87768774.056 87768774.056
  396	87838274.154 87838274.154
  397	87838274.154 87838274.154
  398	87838274.154 87838274.154
  399	87838274.154 87838274.154
  400	87838274.154 87838274.154
  401	87851266.102 87851266.102
  402	87851266.102 87851266.102
  403	87851266.102 87851266.102
  404	87851266.102 87851266.102
  405	87851266.102 87851266.102
  406	87851266.102 87851266.102
  407	87923557.936 87923557.936
  408	87923557.936 87923557.936
  409	87923557.936 87923557.936
  410	87923557.936 87923557.936
  411	88127014.119 88127014.119
  412	88127014.119 88127014.119
  413	88127014.119 88127014.119
  414	88127014.119 88127014.119
  415	88127014.119 88127014.119
  416	88127014.119 88127014.119
  417	88127014.119 88127014.119
  418	88127014.119 88127014.119
  419	88238895.922 88238895.922
  420	88238895.922 88238895.922
  421	88238895.922 88238895.922
  422	88238895.922 88238895.922
  423	88238895.922 88238895.922
  424	88268215.365 88268215.365
  425	88268215.365 88268215.365
  426	88268215.365 88268215.365
  427	88302647.545 88302647.545
  428	88302647.545 88302647.545
  429	88302647.545 88302647.545
  430	88302647.545 88302647.545
  431	88473561.550 88473561.550
  432	88473561.550 88473561.550
  433	88518951.067 88518951.067
  434	88518951.067 88518951.067
  435	88518951.067 88518951.067
  436	88518951.067 88518951.067
  437	88518951.067 88518951.067
  438	88518951.067 88518951.067
  439	88518951.067 88518951.067
  440	88518951.067 88518951.067
  441	88518951.067 88518951.067
  442	88532858.315 88532858.315
  443	88532858.315 88532858.315
  444	88532858.315 88532858.315
  445	88532858.315 88532858.315
  446	88532858.315 88532858.315
  447	88532858.315 88532858.315
  448	88532858.315 88532858.315
  449	88532858.315 88532858.315
  450	88532858.315 88532858.315
  451	88532858.315 88532858.315
  452	88532858.315 88532858.315
  453	88532858.315 88532858.315
  454	88532858.315 88532858.315
  455	88532858.315 88532858.315
  456	88532858.315 88532858.315
  457	88532858.315 88532858.315
  458	88532858.315 88532858.315
  459	88532858.315 88532858.315
  460	88532858.315 88532858.315
  461	88532858.315 88532858.315
  462	88532858.315 88532858.315
  463	88532858.315 88532858.315
  464	88532858.315 88532858.315
  465	88532858.315 88532858.315
  466	88532858.315 88532858.315
  467	88532858.315 88532858.315
  468	88532858.315 88532858.315
  469	88532858.315 88532858.315
  470	88537564.766 88537564.766
  471	88607090.261 88607090.261
  472	88607090.261 88607090.261
  473	88607090.261 88607090.261
  474	88607090.261 88607090.261
  475	88607090.261 88607090.261
  476	88607090.261 88607090.261
  477	88607090.261 88607090.261
  478	88647047.132 88647047.132
  479	88647047.132 88647047.132
  480	88647047.132 88647047.132
  481	88647047.132 88647047.132
  482	88654260.895 88654260.895
  483	88654260.895 88654260.895
  484	88654260.895 88654260.895
  485	88654260.895 88654260.895
  486	88654260.895 88654260.895
  487	88883266.095 88883266.095
  488	88883266.095 88883266.095
  489	88883266.095 88883266.095
  490	88883266.095 88883266.095
  491	88883266.095 88883266.095
  492	88883266.095 88883266.095
  493	88883266.095 88883266.095
  494	88883266.095 88883266.095
  495	88883266.095 88883266.095
  496	88883266.095 88883266.095
  497	88883266.095 88883266.095
  498	88883266.095 88883266.095
  499	88883266.095 88883266.095
  500	89046452.348 89046452.348
