    1 1.469	 1.499	 1.457	 1.606	 3.374	 1.177	 1.205	 1.013	 1.461	 1.391	 1.730	 1.765	 63.665	
    2 1.469	 1.499	 1.457	 1.606	 3.374	 1.177	 1.205	 1.013	 1.461	 1.391	 1.730	 1.765	 63.665	
    3 1.469	 1.499	 1.457	 1.606	 3.374	 1.177	 1.205	 1.013	 1.461	 1.391	 1.730	 1.765	 63.665	
    4 1.539	 1.484	 1.685	 1.639	 3.500	 1.092	 1.186	 1.038	 1.321	 1.384	 1.719	 1.671	 57.748	
    5 1.539	 1.484	 1.685	 1.639	 3.500	 1.092	 1.186	 1.038	 1.321	 1.384	 1.719	 1.671	 57.748	
    6 1.539	 1.484	 1.685	 1.639	 3.500	 1.092	 1.186	 1.038	 1.321	 1.384	 1.719	 1.671	 57.748	
    7 1.539	 1.484	 1.685	 1.639	 3.500	 1.092	 1.186	 1.038	 1.321	 1.384	 1.719	 1.671	 57.748	
    8 1.539	 1.484	 1.685	 1.639	 3.500	 1.092	 1.186	 1.038	 1.321	 1.384	 1.719	 1.671	 57.748	
    9 1.539	 1.484	 1.685	 1.639	 3.500	 1.092	 1.186	 1.038	 1.321	 1.384	 1.719	 1.671	 57.748	
   10 1.539	 1.484	 1.685	 1.639	 3.500	 1.092	 1.186	 1.038	 1.321	 1.384	 1.719	 1.671	 57.748	
   11 1.539	 1.484	 1.685	 1.639	 3.500	 1.092	 1.186	 1.038	 1.321	 1.384	 1.719	 1.671	 57.748	
   12 1.539	 1.484	 1.685	 1.639	 3.500	 1.092	 1.186	 1.038	 1.321	 1.384	 1.719	 1.671	 57.748	
   13 1.539	 1.484	 1.685	 1.639	 3.500	 1.092	 1.186	 1.038	 1.321	 1.384	 1.719	 1.671	 57.748	
   14 1.539	 1.484	 1.685	 1.639	 3.500	 1.092	 1.186	 1.038	 1.321	 1.384	 1.719	 1.671	 57.748	
   15 1.568	 1.500	 1.626	 1.845	 3.039	 1.213	 1.299	 1.098	 1.142	 1.540	 1.576	 0.847	 85.885	
   16 1.628	 1.498	 1.535	 1.818	 3.151	 1.315	 1.277	 1.166	 1.217	 1.634	 1.552	 0.985	 86.508	
   17 1.628	 1.498	 1.535	 1.818	 3.151	 1.315	 1.277	 1.166	 1.217	 1.634	 1.552	 0.985	 86.508	
   18 1.628	 1.498	 1.535	 1.818	 3.151	 1.315	 1.277	 1.166	 1.217	 1.634	 1.552	 0.985	 86.508	
   19 1.628	 1.498	 1.535	 1.818	 3.151	 1.315	 1.277	 1.166	 1.217	 1.634	 1.552	 0.985	 86.508	
   20 1.628	 1.498	 1.535	 1.818	 3.151	 1.315	 1.277	 1.166	 1.217	 1.634	 1.552	 0.985	 86.508	
   21 1.548	 1.580	 1.523	 1.816	 3.186	 1.229	 1.338	 1.113	 1.290	 1.549	 1.616	 0.968	 84.374	
   22 1.398	 1.330	 1.457	 1.884	 3.380	 1.272	 1.117	 1.021	 1.447	 1.321	 1.728	 1.834	 68.265	
   23 1.440	 1.277	 1.587	 1.864	 3.451	 1.182	 1.088	 0.998	 1.464	 1.339	 1.640	 1.802	 65.752	
   24 1.604	 1.571	 1.350	 1.812	 3.128	 1.094	 1.356	 1.213	 1.291	 1.464	 1.687	 1.019	 84.139	
   25 1.431	 1.503	 1.263	 1.750	 3.025	 1.152	 1.162	 0.980	 1.757	 1.310	 1.673	 1.821	 70.928	
   26 1.659	 1.673	 1.461	 1.820	 3.328	 1.082	 1.362	 1.225	 1.444	 1.440	 1.564	 1.164	 82.528	
   27 1.336	 1.418	 1.426	 2.441	 3.170	 1.364	 1.089	 1.252	 1.225	 1.401	 1.812	 1.260	 85.755	
   28 1.336	 1.418	 1.426	 2.441	 3.170	 1.364	 1.089	 1.252	 1.225	 1.401	 1.812	 1.260	 85.755	
   29 1.336	 1.418	 1.426	 2.441	 3.170	 1.364	 1.089	 1.252	 1.225	 1.401	 1.812	 1.260	 85.755	
   30 1.336	 1.418	 1.426	 2.441	 3.170	 1.364	 1.089	 1.252	 1.225	 1.401	 1.812	 1.260	 85.755	
   31 1.336	 1.418	 1.426	 2.441	 3.170	 1.364	 1.089	 1.252	 1.225	 1.401	 1.812	 1.260	 85.755	
   32 1.336	 1.418	 1.426	 2.441	 3.170	 1.364	 1.089	 1.252	 1.225	 1.401	 1.812	 1.260	 85.755	
   33 1.336	 1.418	 1.426	 2.441	 3.170	 1.364	 1.089	 1.252	 1.225	 1.401	 1.812	 1.260	 85.755	
   34 1.336	 1.418	 1.426	 2.441	 3.170	 1.364	 1.089	 1.252	 1.225	 1.401	 1.812	 1.260	 85.755	
   35 1.336	 1.418	 1.426	 2.441	 3.170	 1.364	 1.089	 1.252	 1.225	 1.401	 1.812	 1.260	 85.755	
   36 1.336	 1.418	 1.426	 2.441	 3.170	 1.364	 1.089	 1.252	 1.225	 1.401	 1.812	 1.260	 85.755	
   37 1.336	 1.418	 1.426	 2.441	 3.170	 1.364	 1.089	 1.252	 1.225	 1.401	 1.812	 1.260	 85.755	
   38 1.521	 1.730	 1.500	 1.869	 3.576	 1.228	 1.162	 1.212	 1.604	 1.281	 1.663	 1.884	 65.258	
   39 1.521	 1.730	 1.500	 1.869	 3.576	 1.228	 1.162	 1.212	 1.604	 1.281	 1.663	 1.884	 65.258	
   40 1.521	 1.730	 1.500	 1.869	 3.576	 1.228	 1.162	 1.212	 1.604	 1.281	 1.663	 1.884	 65.258	
   41 1.521	 1.730	 1.500	 1.869	 3.576	 1.228	 1.162	 1.212	 1.604	 1.281	 1.663	 1.884	 65.258	
   42 1.521	 1.730	 1.500	 1.869	 3.576	 1.228	 1.162	 1.212	 1.604	 1.281	 1.663	 1.884	 65.258	
   43 1.444	 1.591	 1.611	 2.399	 3.618	 1.304	 1.141	 1.272	 1.352	 1.357	 1.725	 1.424	 74.902	
   44 1.444	 1.591	 1.611	 2.399	 3.618	 1.304	 1.141	 1.272	 1.352	 1.357	 1.725	 1.424	 74.902	
   45 1.444	 1.591	 1.611	 2.399	 3.618	 1.304	 1.141	 1.272	 1.352	 1.357	 1.725	 1.424	 74.902	
   46 1.444	 1.591	 1.611	 2.399	 3.618	 1.304	 1.141	 1.272	 1.352	 1.357	 1.725	 1.424	 74.902	
   47 1.444	 1.591	 1.611	 2.399	 3.618	 1.304	 1.141	 1.272	 1.352	 1.357	 1.725	 1.424	 74.902	
   48 1.507	 1.634	 1.580	 2.316	 3.623	 1.229	 1.133	 1.278	 1.551	 1.278	 1.679	 1.572	 70.338	
   49 1.507	 1.634	 1.580	 2.316	 3.623	 1.229	 1.133	 1.278	 1.551	 1.278	 1.679	 1.572	 70.338	
   50 1.507	 1.634	 1.580	 2.316	 3.623	 1.229	 1.133	 1.278	 1.551	 1.278	 1.679	 1.572	 70.338	
   51 1.367	 1.415	 1.507	 2.652	 3.425	 1.467	 1.044	 1.340	 1.280	 1.415	 1.827	 1.430	 84.463	
   52 1.367	 1.415	 1.507	 2.652	 3.425	 1.467	 1.044	 1.340	 1.280	 1.415	 1.827	 1.430	 84.463	
   53 1.367	 1.415	 1.507	 2.652	 3.425	 1.467	 1.044	 1.340	 1.280	 1.415	 1.827	 1.430	 84.463	
   54 1.609	 1.478	 1.517	 2.262	 3.561	 1.347	 1.127	 1.278	 1.533	 1.466	 1.625	 1.533	 80.026	
   55 1.609	 1.478	 1.517	 2.262	 3.561	 1.347	 1.127	 1.278	 1.533	 1.466	 1.625	 1.533	 80.026	
   56 1.609	 1.478	 1.517	 2.262	 3.561	 1.347	 1.127	 1.278	 1.533	 1.466	 1.625	 1.533	 80.026	
   57 1.609	 1.478	 1.517	 2.262	 3.561	 1.347	 1.127	 1.278	 1.533	 1.466	 1.625	 1.533	 80.026	
   58 1.609	 1.478	 1.517	 2.262	 3.561	 1.347	 1.127	 1.278	 1.533	 1.466	 1.625	 1.533	 80.026	
   59 1.609	 1.478	 1.517	 2.262	 3.561	 1.347	 1.127	 1.278	 1.533	 1.466	 1.625	 1.533	 80.026	
   60 1.609	 1.478	 1.517	 2.262	 3.561	 1.347	 1.127	 1.278	 1.533	 1.466	 1.625	 1.533	 80.026	
   61 1.518	 1.458	 1.704	 2.621	 3.484	 1.247	 1.207	 1.284	 1.473	 1.385	 1.619	 1.211	 92.629	
   62 1.518	 1.458	 1.704	 2.621	 3.484	 1.247	 1.207	 1.284	 1.473	 1.385	 1.619	 1.211	 92.629	
   63 1.518	 1.458	 1.704	 2.621	 3.484	 1.247	 1.207	 1.284	 1.473	 1.385	 1.619	 1.211	 92.629	
   64 1.467	 1.540	 1.594	 2.666	 3.585	 1.386	 1.103	 1.340	 1.520	 1.383	 1.752	 1.462	 86.640	
   65 1.467	 1.540	 1.594	 2.666	 3.585	 1.386	 1.103	 1.340	 1.520	 1.383	 1.752	 1.462	 86.640	
   66 1.496	 1.591	 1.569	 2.365	 3.622	 1.397	 1.080	 1.357	 1.402	 1.487	 1.676	 1.404	 71.548	
   67 1.496	 1.591	 1.569	 2.365	 3.622	 1.397	 1.080	 1.357	 1.402	 1.487	 1.676	 1.404	 71.548	
   68 1.496	 1.591	 1.569	 2.365	 3.622	 1.397	 1.080	 1.357	 1.402	 1.487	 1.676	 1.404	 71.548	
   69 1.496	 1.591	 1.569	 2.365	 3.622	 1.397	 1.080	 1.357	 1.402	 1.487	 1.676	 1.404	 71.548	
   70 1.496	 1.591	 1.569	 2.365	 3.622	 1.397	 1.080	 1.357	 1.402	 1.487	 1.676	 1.404	 71.548	
   71 1.496	 1.591	 1.569	 2.365	 3.622	 1.397	 1.080	 1.357	 1.402	 1.487	 1.676	 1.404	 71.548	
   72 1.496	 1.591	 1.569	 2.365	 3.622	 1.397	 1.080	 1.357	 1.402	 1.487	 1.676	 1.404	 71.548	
   73 1.496	 1.591	 1.569	 2.365	 3.622	 1.397	 1.080	 1.357	 1.402	 1.487	 1.676	 1.404	 71.548	
   74 1.496	 1.591	 1.569	 2.365	 3.622	 1.397	 1.080	 1.357	 1.402	 1.487	 1.676	 1.404	 71.548	
   75 1.496	 1.591	 1.569	 2.365	 3.622	 1.397	 1.080	 1.357	 1.402	 1.487	 1.676	 1.404	 71.548	
   76 1.496	 1.591	 1.569	 2.365	 3.622	 1.397	 1.080	 1.357	 1.402	 1.487	 1.676	 1.404	 71.548	
   77 1.496	 1.591	 1.569	 2.365	 3.622	 1.397	 1.080	 1.357	 1.402	 1.487	 1.676	 1.404	 71.548	
   78 1.496	 1.591	 1.569	 2.365	 3.622	 1.397	 1.080	 1.357	 1.402	 1.487	 1.676	 1.404	 71.548	
   79 1.496	 1.591	 1.569	 2.365	 3.622	 1.397	 1.080	 1.357	 1.402	 1.487	 1.676	 1.404	 71.548	
   80 1.496	 1.591	 1.569	 2.365	 3.622	 1.397	 1.080	 1.357	 1.402	 1.487	 1.676	 1.404	 71.548	
   81 1.496	 1.591	 1.569	 2.365	 3.622	 1.397	 1.080	 1.357	 1.402	 1.487	 1.676	 1.404	 71.548	
   82 1.496	 1.591	 1.569	 2.365	 3.622	 1.397	 1.080	 1.357	 1.402	 1.487	 1.676	 1.404	 71.548	
   83 1.496	 1.591	 1.569	 2.365	 3.622	 1.397	 1.080	 1.357	 1.402	 1.487	 1.676	 1.404	 71.548	
   84 1.496	 1.591	 1.569	 2.365	 3.622	 1.397	 1.080	 1.357	 1.402	 1.487	 1.676	 1.404	 71.548	
   85 1.496	 1.591	 1.569	 2.365	 3.622	 1.397	 1.080	 1.357	 1.402	 1.487	 1.676	 1.404	 71.548	
   86 1.496	 1.591	 1.569	 2.365	 3.622	 1.397	 1.080	 1.357	 1.402	 1.487	 1.676	 1.404	 71.548	
   87 1.496	 1.591	 1.569	 2.365	 3.622	 1.397	 1.080	 1.357	 1.402	 1.487	 1.676	 1.404	 71.548	
   88 1.496	 1.591	 1.569	 2.365	 3.622	 1.397	 1.080	 1.357	 1.402	 1.487	 1.676	 1.404	 71.548	
   89 1.496	 1.591	 1.569	 2.365	 3.622	 1.397	 1.080	 1.357	 1.402	 1.487	 1.676	 1.404	 71.548	
   90 1.496	 1.591	 1.569	 2.365	 3.622	 1.397	 1.080	 1.357	 1.402	 1.487	 1.676	 1.404	 71.548	
   91 1.496	 1.591	 1.569	 2.365	 3.622	 1.397	 1.080	 1.357	 1.402	 1.487	 1.676	 1.404	 71.548	
   92 1.496	 1.591	 1.569	 2.365	 3.622	 1.397	 1.080	 1.357	 1.402	 1.487	 1.676	 1.404	 71.548	
   93 1.496	 1.591	 1.569	 2.365	 3.622	 1.397	 1.080	 1.357	 1.402	 1.487	 1.676	 1.404	 71.548	
   94 1.496	 1.591	 1.569	 2.365	 3.622	 1.397	 1.080	 1.357	 1.402	 1.487	 1.676	 1.404	 71.548	
   95 1.569	 1.527	 1.725	 2.511	 3.613	 1.359	 1.138	 1.353	 1.414	 1.399	 1.647	 1.439	 82.641	
   96 1.569	 1.527	 1.725	 2.511	 3.613	 1.359	 1.138	 1.353	 1.414	 1.399	 1.647	 1.439	 82.641	
   97 1.569	 1.527	 1.725	 2.511	 3.613	 1.359	 1.138	 1.353	 1.414	 1.399	 1.647	 1.439	 82.641	
   98 1.569	 1.527	 1.725	 2.511	 3.613	 1.359	 1.138	 1.353	 1.414	 1.399	 1.647	 1.439	 82.641	
   99 1.531	 1.624	 1.714	 2.372	 3.671	 1.328	 1.102	 1.297	 1.507	 1.344	 1.572	 1.473	 73.597	
  100 1.531	 1.624	 1.714	 2.372	 3.671	 1.328	 1.102	 1.297	 1.507	 1.344	 1.572	 1.473	 73.597	
  101 1.531	 1.624	 1.714	 2.372	 3.671	 1.328	 1.102	 1.297	 1.507	 1.344	 1.572	 1.473	 73.597	
  102 1.531	 1.624	 1.714	 2.372	 3.671	 1.328	 1.102	 1.297	 1.507	 1.344	 1.572	 1.473	 73.597	
  103 1.531	 1.624	 1.714	 2.372	 3.671	 1.328	 1.102	 1.297	 1.507	 1.344	 1.572	 1.473	 73.597	
  104 1.531	 1.624	 1.714	 2.372	 3.671	 1.328	 1.102	 1.297	 1.507	 1.344	 1.572	 1.473	 73.597	
  105 1.531	 1.624	 1.714	 2.372	 3.671	 1.328	 1.102	 1.297	 1.507	 1.344	 1.572	 1.473	 73.597	
  106 1.531	 1.624	 1.714	 2.372	 3.671	 1.328	 1.102	 1.297	 1.507	 1.344	 1.572	 1.473	 73.597	
  107 1.531	 1.624	 1.714	 2.372	 3.671	 1.328	 1.102	 1.297	 1.507	 1.344	 1.572	 1.473	 73.597	
  108 1.531	 1.624	 1.714	 2.372	 3.671	 1.328	 1.102	 1.297	 1.507	 1.344	 1.572	 1.473	 73.597	
  109 1.531	 1.624	 1.714	 2.372	 3.671	 1.328	 1.102	 1.297	 1.507	 1.344	 1.572	 1.473	 73.597	
  110 1.531	 1.624	 1.714	 2.372	 3.671	 1.328	 1.102	 1.297	 1.507	 1.344	 1.572	 1.473	 73.597	
  111 1.531	 1.624	 1.714	 2.372	 3.671	 1.328	 1.102	 1.297	 1.507	 1.344	 1.572	 1.473	 73.597	
  112 1.531	 1.624	 1.714	 2.372	 3.671	 1.328	 1.102	 1.297	 1.507	 1.344	 1.572	 1.473	 73.597	
  113 1.531	 1.624	 1.714	 2.372	 3.671	 1.328	 1.102	 1.297	 1.507	 1.344	 1.572	 1.473	 73.597	
  114 1.531	 1.624	 1.714	 2.372	 3.671	 1.328	 1.102	 1.297	 1.507	 1.344	 1.572	 1.473	 73.597	
  115 1.531	 1.624	 1.714	 2.372	 3.671	 1.328	 1.102	 1.297	 1.507	 1.344	 1.572	 1.473	 73.597	
  116 1.531	 1.624	 1.714	 2.372	 3.671	 1.328	 1.102	 1.297	 1.507	 1.344	 1.572	 1.473	 73.597	
  117 1.531	 1.624	 1.714	 2.372	 3.671	 1.328	 1.102	 1.297	 1.507	 1.344	 1.572	 1.473	 73.597	
  118 1.531	 1.624	 1.714	 2.372	 3.671	 1.328	 1.102	 1.297	 1.507	 1.344	 1.572	 1.473	 73.597	
  119 1.531	 1.624	 1.714	 2.372	 3.671	 1.328	 1.102	 1.297	 1.507	 1.344	 1.572	 1.473	 73.597	
  120 1.531	 1.624	 1.714	 2.372	 3.671	 1.328	 1.102	 1.297	 1.507	 1.344	 1.572	 1.473	 73.597	
  121 1.465	 1.609	 1.606	 2.590	 3.639	 1.232	 1.117	 1.352	 1.490	 1.391	 1.846	 1.479	 76.426	
  122 1.465	 1.609	 1.606	 2.590	 3.639	 1.232	 1.117	 1.352	 1.490	 1.391	 1.846	 1.479	 76.426	
  123 1.465	 1.609	 1.606	 2.590	 3.639	 1.232	 1.117	 1.352	 1.490	 1.391	 1.846	 1.479	 76.426	
  124 1.465	 1.609	 1.606	 2.590	 3.639	 1.232	 1.117	 1.352	 1.490	 1.391	 1.846	 1.479	 76.426	
  125 1.465	 1.609	 1.606	 2.590	 3.639	 1.232	 1.117	 1.352	 1.490	 1.391	 1.846	 1.479	 76.426	
  126 1.465	 1.609	 1.606	 2.590	 3.639	 1.232	 1.117	 1.352	 1.490	 1.391	 1.846	 1.479	 76.426	
  127 1.465	 1.609	 1.606	 2.590	 3.639	 1.232	 1.117	 1.352	 1.490	 1.391	 1.846	 1.479	 76.426	
  128 1.534	 1.604	 1.589	 2.451	 3.641	 1.315	 1.091	 1.338	 1.569	 1.428	 1.643	 1.612	 76.929	
  129 1.534	 1.604	 1.589	 2.451	 3.641	 1.315	 1.091	 1.338	 1.569	 1.428	 1.643	 1.612	 76.929	
  130 1.534	 1.604	 1.589	 2.451	 3.641	 1.315	 1.091	 1.338	 1.569	 1.428	 1.643	 1.612	 76.929	
  131 1.534	 1.604	 1.589	 2.451	 3.641	 1.315	 1.091	 1.338	 1.569	 1.428	 1.643	 1.612	 76.929	
  132 1.528	 1.592	 1.774	 2.391	 3.754	 1.155	 1.128	 1.234	 1.516	 1.250	 1.654	 1.495	 74.283	
  133 1.528	 1.592	 1.774	 2.391	 3.754	 1.155	 1.128	 1.234	 1.516	 1.250	 1.654	 1.495	 74.283	
  134 1.528	 1.592	 1.774	 2.391	 3.754	 1.155	 1.128	 1.234	 1.516	 1.250	 1.654	 1.495	 74.283	
  135 1.528	 1.592	 1.774	 2.391	 3.754	 1.155	 1.128	 1.234	 1.516	 1.250	 1.654	 1.495	 74.283	
  136 1.528	 1.592	 1.774	 2.391	 3.754	 1.155	 1.128	 1.234	 1.516	 1.250	 1.654	 1.495	 74.283	
  137 1.528	 1.592	 1.774	 2.391	 3.754	 1.155	 1.128	 1.234	 1.516	 1.250	 1.654	 1.495	 74.283	
  138 1.528	 1.592	 1.774	 2.391	 3.754	 1.155	 1.128	 1.234	 1.516	 1.250	 1.654	 1.495	 74.283	
  139 1.528	 1.592	 1.774	 2.391	 3.754	 1.155	 1.128	 1.234	 1.516	 1.250	 1.654	 1.495	 74.283	
  140 1.528	 1.592	 1.774	 2.391	 3.754	 1.155	 1.128	 1.234	 1.516	 1.250	 1.654	 1.495	 74.283	
  141 1.528	 1.592	 1.774	 2.391	 3.754	 1.155	 1.128	 1.234	 1.516	 1.250	 1.654	 1.495	 74.283	
  142 1.426	 1.504	 1.525	 2.736	 3.647	 1.247	 1.074	 1.394	 1.484	 1.334	 1.794	 1.496	 85.238	
  143 1.426	 1.504	 1.525	 2.736	 3.647	 1.247	 1.074	 1.394	 1.484	 1.334	 1.794	 1.496	 85.238	
  144 1.426	 1.504	 1.525	 2.736	 3.647	 1.247	 1.074	 1.394	 1.484	 1.334	 1.794	 1.496	 85.238	
  145 1.426	 1.504	 1.525	 2.736	 3.647	 1.247	 1.074	 1.394	 1.484	 1.334	 1.794	 1.496	 85.238	
  146 1.426	 1.504	 1.525	 2.736	 3.647	 1.247	 1.074	 1.394	 1.484	 1.334	 1.794	 1.496	 85.238	
  147 1.426	 1.504	 1.525	 2.736	 3.647	 1.247	 1.074	 1.394	 1.484	 1.334	 1.794	 1.496	 85.238	
  148 1.426	 1.504	 1.525	 2.736	 3.647	 1.247	 1.074	 1.394	 1.484	 1.334	 1.794	 1.496	 85.238	
  149 1.426	 1.504	 1.525	 2.736	 3.647	 1.247	 1.074	 1.394	 1.484	 1.334	 1.794	 1.496	 85.238	
  150 1.426	 1.504	 1.525	 2.736	 3.647	 1.247	 1.074	 1.394	 1.484	 1.334	 1.794	 1.496	 85.238	
  151 1.426	 1.504	 1.525	 2.736	 3.647	 1.247	 1.074	 1.394	 1.484	 1.334	 1.794	 1.496	 85.238	
  152 1.426	 1.504	 1.525	 2.736	 3.647	 1.247	 1.074	 1.394	 1.484	 1.334	 1.794	 1.496	 85.238	
  153 1.426	 1.504	 1.525	 2.736	 3.647	 1.247	 1.074	 1.394	 1.484	 1.334	 1.794	 1.496	 85.238	
  154 1.426	 1.504	 1.525	 2.736	 3.647	 1.247	 1.074	 1.394	 1.484	 1.334	 1.794	 1.496	 85.238	
  155 1.417	 1.550	 1.600	 2.687	 3.666	 1.298	 1.094	 1.306	 1.551	 1.317	 1.786	 1.538	 81.518	
  156 1.573	 1.546	 1.677	 2.605	 3.741	 1.304	 1.110	 1.416	 1.356	 1.306	 1.775	 1.545	 78.773	
  157 1.573	 1.546	 1.677	 2.605	 3.741	 1.304	 1.110	 1.416	 1.356	 1.306	 1.775	 1.545	 78.773	
  158 1.573	 1.546	 1.677	 2.605	 3.741	 1.304	 1.110	 1.416	 1.356	 1.306	 1.775	 1.545	 78.773	
  159 1.573	 1.546	 1.677	 2.605	 3.741	 1.304	 1.110	 1.416	 1.356	 1.306	 1.775	 1.545	 78.773	
  160 1.573	 1.546	 1.677	 2.605	 3.741	 1.304	 1.110	 1.416	 1.356	 1.306	 1.775	 1.545	 78.773	
  161 1.573	 1.546	 1.677	 2.605	 3.741	 1.304	 1.110	 1.416	 1.356	 1.306	 1.775	 1.545	 78.773	
  162 1.573	 1.546	 1.677	 2.605	 3.741	 1.304	 1.110	 1.416	 1.356	 1.306	 1.775	 1.545	 78.773	
  163 1.573	 1.546	 1.677	 2.605	 3.741	 1.304	 1.110	 1.416	 1.356	 1.306	 1.775	 1.545	 78.773	
  164 1.573	 1.546	 1.677	 2.605	 3.741	 1.304	 1.110	 1.416	 1.356	 1.306	 1.775	 1.545	 78.773	
  165 1.573	 1.546	 1.677	 2.605	 3.741	 1.304	 1.110	 1.416	 1.356	 1.306	 1.775	 1.545	 78.773	
  166 1.573	 1.546	 1.677	 2.605	 3.741	 1.304	 1.110	 1.416	 1.356	 1.306	 1.775	 1.545	 78.773	
  167 1.573	 1.546	 1.677	 2.605	 3.741	 1.304	 1.110	 1.416	 1.356	 1.306	 1.775	 1.545	 78.773	
  168 1.573	 1.546	 1.677	 2.605	 3.741	 1.304	 1.110	 1.416	 1.356	 1.306	 1.775	 1.545	 78.773	
  169 1.573	 1.546	 1.677	 2.605	 3.741	 1.304	 1.110	 1.416	 1.356	 1.306	 1.775	 1.545	 78.773	
  170 1.573	 1.546	 1.677	 2.605	 3.741	 1.304	 1.110	 1.416	 1.356	 1.306	 1.775	 1.545	 78.773	
  171 1.573	 1.546	 1.677	 2.605	 3.741	 1.304	 1.110	 1.416	 1.356	 1.306	 1.775	 1.545	 78.773	
  172 1.573	 1.546	 1.677	 2.605	 3.741	 1.304	 1.110	 1.416	 1.356	 1.306	 1.775	 1.545	 78.773	
  173 1.447	 1.591	 1.692	 2.580	 3.779	 1.206	 1.098	 1.313	 1.443	 1.213	 1.771	 1.605	 75.068	
  174 1.447	 1.591	 1.692	 2.580	 3.779	 1.206	 1.098	 1.313	 1.443	 1.213	 1.771	 1.605	 75.068	
  175 1.447	 1.591	 1.692	 2.580	 3.779	 1.206	 1.098	 1.313	 1.443	 1.213	 1.771	 1.605	 75.068	
  176 1.447	 1.591	 1.692	 2.580	 3.779	 1.206	 1.098	 1.313	 1.443	 1.213	 1.771	 1.605	 75.068	
  177 1.447	 1.591	 1.692	 2.580	 3.779	 1.206	 1.098	 1.313	 1.443	 1.213	 1.771	 1.605	 75.068	
  178 1.499	 1.672	 1.639	 2.639	 3.814	 1.300	 1.104	 1.343	 1.496	 1.288	 1.769	 1.568	 78.421	
  179 1.499	 1.672	 1.639	 2.639	 3.814	 1.300	 1.104	 1.343	 1.496	 1.288	 1.769	 1.568	 78.421	
  180 1.499	 1.672	 1.639	 2.639	 3.814	 1.300	 1.104	 1.343	 1.496	 1.288	 1.769	 1.568	 78.421	
  181 1.499	 1.672	 1.639	 2.639	 3.814	 1.300	 1.104	 1.343	 1.496	 1.288	 1.769	 1.568	 78.421	
  182 1.455	 1.473	 1.639	 2.906	 3.706	 1.331	 1.102	 1.266	 1.548	 1.389	 1.694	 1.352	 88.214	
  183 1.455	 1.473	 1.639	 2.906	 3.706	 1.331	 1.102	 1.266	 1.548	 1.389	 1.694	 1.352	 88.214	
  184 1.455	 1.473	 1.639	 2.906	 3.706	 1.331	 1.102	 1.266	 1.548	 1.389	 1.694	 1.352	 88.214	
  185 1.455	 1.473	 1.639	 2.906	 3.706	 1.331	 1.102	 1.266	 1.548	 1.389	 1.694	 1.352	 88.214	
  186 1.455	 1.473	 1.639	 2.906	 3.706	 1.331	 1.102	 1.266	 1.548	 1.389	 1.694	 1.352	 88.214	
  187 1.455	 1.473	 1.639	 2.906	 3.706	 1.331	 1.102	 1.266	 1.548	 1.389	 1.694	 1.352	 88.214	
  188 1.455	 1.473	 1.639	 2.906	 3.706	 1.331	 1.102	 1.266	 1.548	 1.389	 1.694	 1.352	 88.214	
  189 1.455	 1.473	 1.639	 2.906	 3.706	 1.331	 1.102	 1.266	 1.548	 1.389	 1.694	 1.352	 88.214	
  190 1.455	 1.473	 1.639	 2.906	 3.706	 1.331	 1.102	 1.266	 1.548	 1.389	 1.694	 1.352	 88.214	
  191 1.455	 1.473	 1.639	 2.906	 3.706	 1.331	 1.102	 1.266	 1.548	 1.389	 1.694	 1.352	 88.214	
  192 1.455	 1.473	 1.639	 2.906	 3.706	 1.331	 1.102	 1.266	 1.548	 1.389	 1.694	 1.352	 88.214	
  193 1.455	 1.473	 1.639	 2.906	 3.706	 1.331	 1.102	 1.266	 1.548	 1.389	 1.694	 1.352	 88.214	
  194 1.430	 1.614	 1.823	 2.752	 3.866	 1.369	 0.993	 1.226	 1.414	 1.225	 1.598	 1.522	 76.892	
  195 1.430	 1.614	 1.823	 2.752	 3.866	 1.369	 0.993	 1.226	 1.414	 1.225	 1.598	 1.522	 76.892	
  196 1.430	 1.614	 1.823	 2.752	 3.866	 1.369	 0.993	 1.226	 1.414	 1.225	 1.598	 1.522	 76.892	
  197 1.430	 1.614	 1.823	 2.752	 3.866	 1.369	 0.993	 1.226	 1.414	 1.225	 1.598	 1.522	 76.892	
  198 1.430	 1.614	 1.823	 2.752	 3.866	 1.369	 0.993	 1.226	 1.414	 1.225	 1.598	 1.522	 76.892	
  199 1.430	 1.614	 1.823	 2.752	 3.866	 1.369	 0.993	 1.226	 1.414	 1.225	 1.598	 1.522	 76.892	
  200 1.430	 1.614	 1.823	 2.752	 3.866	 1.369	 0.993	 1.226	 1.414	 1.225	 1.598	 1.522	 76.892	
  201 1.430	 1.614	 1.823	 2.752	 3.866	 1.369	 0.993	 1.226	 1.414	 1.225	 1.598	 1.522	 76.892	
  202 1.430	 1.614	 1.823	 2.752	 3.866	 1.369	 0.993	 1.226	 1.414	 1.225	 1.598	 1.522	 76.892	
  203 1.430	 1.614	 1.823	 2.752	 3.866	 1.369	 0.993	 1.226	 1.414	 1.225	 1.598	 1.522	 76.892	
  204 1.430	 1.614	 1.823	 2.752	 3.866	 1.369	 0.993	 1.226	 1.414	 1.225	 1.598	 1.522	 76.892	
  205 1.430	 1.614	 1.823	 2.752	 3.866	 1.369	 0.993	 1.226	 1.414	 1.225	 1.598	 1.522	 76.892	
  206 1.430	 1.614	 1.823	 2.752	 3.866	 1.369	 0.993	 1.226	 1.414	 1.225	 1.598	 1.522	 76.892	
  207 1.430	 1.614	 1.823	 2.752	 3.866	 1.369	 0.993	 1.226	 1.414	 1.225	 1.598	 1.522	 76.892	
  208 1.430	 1.614	 1.823	 2.752	 3.866	 1.369	 0.993	 1.226	 1.414	 1.225	 1.598	 1.522	 76.892	
  209 1.430	 1.614	 1.823	 2.752	 3.866	 1.369	 0.993	 1.226	 1.414	 1.225	 1.598	 1.522	 76.892	
  210 1.430	 1.614	 1.823	 2.752	 3.866	 1.369	 0.993	 1.226	 1.414	 1.225	 1.598	 1.522	 76.892	
  211 1.430	 1.614	 1.823	 2.752	 3.866	 1.369	 0.993	 1.226	 1.414	 1.225	 1.598	 1.522	 76.892	
  212 1.430	 1.614	 1.823	 2.752	 3.866	 1.369	 0.993	 1.226	 1.414	 1.225	 1.598	 1.522	 76.892	
  213 1.430	 1.614	 1.823	 2.752	 3.866	 1.369	 0.993	 1.226	 1.414	 1.225	 1.598	 1.522	 76.892	
  214 1.430	 1.614	 1.823	 2.752	 3.866	 1.369	 0.993	 1.226	 1.414	 1.225	 1.598	 1.522	 76.892	
  215 1.430	 1.614	 1.823	 2.752	 3.866	 1.369	 0.993	 1.226	 1.414	 1.225	 1.598	 1.522	 76.892	
  216 1.430	 1.614	 1.823	 2.752	 3.866	 1.369	 0.993	 1.226	 1.414	 1.225	 1.598	 1.522	 76.892	
  217 1.430	 1.614	 1.823	 2.752	 3.866	 1.369	 0.993	 1.226	 1.414	 1.225	 1.598	 1.522	 76.892	
  218 1.430	 1.614	 1.823	 2.752	 3.866	 1.369	 0.993	 1.226	 1.414	 1.225	 1.598	 1.522	 76.892	
  219 1.430	 1.614	 1.823	 2.752	 3.866	 1.369	 0.993	 1.226	 1.414	 1.225	 1.598	 1.522	 76.892	
  220 1.430	 1.614	 1.823	 2.752	 3.866	 1.369	 0.993	 1.226	 1.414	 1.225	 1.598	 1.522	 76.892	
  221 1.430	 1.614	 1.823	 2.752	 3.866	 1.369	 0.993	 1.226	 1.414	 1.225	 1.598	 1.522	 76.892	
  222 1.430	 1.614	 1.823	 2.752	 3.866	 1.369	 0.993	 1.226	 1.414	 1.225	 1.598	 1.522	 76.892	
  223 1.458	 1.673	 1.739	 2.544	 3.807	 1.211	 1.095	 1.273	 1.526	 1.274	 1.744	 1.568	 71.926	
  224 1.458	 1.673	 1.739	 2.544	 3.807	 1.211	 1.095	 1.273	 1.526	 1.274	 1.744	 1.568	 71.926	
  225 1.458	 1.673	 1.739	 2.544	 3.807	 1.211	 1.095	 1.273	 1.526	 1.274	 1.744	 1.568	 71.926	
  226 1.458	 1.673	 1.739	 2.544	 3.807	 1.211	 1.095	 1.273	 1.526	 1.274	 1.744	 1.568	 71.926	
  227 1.458	 1.673	 1.739	 2.544	 3.807	 1.211	 1.095	 1.273	 1.526	 1.274	 1.744	 1.568	 71.926	
  228 1.458	 1.673	 1.739	 2.544	 3.807	 1.211	 1.095	 1.273	 1.526	 1.274	 1.744	 1.568	 71.926	
  229 1.458	 1.673	 1.739	 2.544	 3.807	 1.211	 1.095	 1.273	 1.526	 1.274	 1.744	 1.568	 71.926	
  230 1.458	 1.673	 1.739	 2.544	 3.807	 1.211	 1.095	 1.273	 1.526	 1.274	 1.744	 1.568	 71.926	
  231 1.458	 1.673	 1.739	 2.544	 3.807	 1.211	 1.095	 1.273	 1.526	 1.274	 1.744	 1.568	 71.926	
  232 1.458	 1.673	 1.739	 2.544	 3.807	 1.211	 1.095	 1.273	 1.526	 1.274	 1.744	 1.568	 71.926	
  233 1.581	 1.617	 1.707	 2.447	 3.731	 1.338	 1.119	 1.327	 1.376	 1.370	 1.745	 1.448	 75.410	
  234 1.581	 1.617	 1.707	 2.447	 3.731	 1.338	 1.119	 1.327	 1.376	 1.370	 1.745	 1.448	 75.410	
  235 1.581	 1.617	 1.707	 2.447	 3.731	 1.338	 1.119	 1.327	 1.376	 1.370	 1.745	 1.448	 75.410	
  236 1.581	 1.617	 1.707	 2.447	 3.731	 1.338	 1.119	 1.327	 1.376	 1.370	 1.745	 1.448	 75.410	
  237 1.581	 1.617	 1.707	 2.447	 3.731	 1.338	 1.119	 1.327	 1.376	 1.370	 1.745	 1.448	 75.410	
  238 1.581	 1.617	 1.707	 2.447	 3.731	 1.338	 1.119	 1.327	 1.376	 1.370	 1.745	 1.448	 75.410	
  239 1.581	 1.617	 1.707	 2.447	 3.731	 1.338	 1.119	 1.327	 1.376	 1.370	 1.745	 1.448	 75.410	
  240 1.581	 1.617	 1.707	 2.447	 3.731	 1.338	 1.119	 1.327	 1.376	 1.370	 1.745	 1.448	 75.410	
  241 1.581	 1.617	 1.707	 2.447	 3.731	 1.338	 1.119	 1.327	 1.376	 1.370	 1.745	 1.448	 75.410	
  242 1.581	 1.617	 1.707	 2.447	 3.731	 1.338	 1.119	 1.327	 1.376	 1.370	 1.745	 1.448	 75.410	
  243 1.581	 1.617	 1.707	 2.447	 3.731	 1.338	 1.119	 1.327	 1.376	 1.370	 1.745	 1.448	 75.410	
  244 1.581	 1.617	 1.707	 2.447	 3.731	 1.338	 1.119	 1.327	 1.376	 1.370	 1.745	 1.448	 75.410	
  245 1.581	 1.617	 1.707	 2.447	 3.731	 1.338	 1.119	 1.327	 1.376	 1.370	 1.745	 1.448	 75.410	
  246 1.581	 1.617	 1.707	 2.447	 3.731	 1.338	 1.119	 1.327	 1.376	 1.370	 1.745	 1.448	 75.410	
  247 1.475	 1.727	 1.556	 2.325	 3.648	 1.303	 1.146	 1.359	 1.556	 1.254	 1.768	 1.630	 71.964	
  248 1.422	 1.599	 1.797	 2.632	 3.755	 1.296	 1.053	 1.373	 1.409	 1.362	 1.746	 1.581	 73.419	
  249 1.537	 1.609	 1.537	 2.777	 3.546	 1.404	 1.163	 1.338	 1.656	 1.368	 1.701	 1.437	 92.519	
  250 1.537	 1.609	 1.537	 2.777	 3.546	 1.404	 1.163	 1.338	 1.656	 1.368	 1.701	 1.437	 92.519	
  251 1.537	 1.609	 1.537	 2.777	 3.546	 1.404	 1.163	 1.338	 1.656	 1.368	 1.701	 1.437	 92.519	
  252 1.537	 1.609	 1.537	 2.777	 3.546	 1.404	 1.163	 1.338	 1.656	 1.368	 1.701	 1.437	 92.519	
  253 1.537	 1.609	 1.537	 2.777	 3.546	 1.404	 1.163	 1.338	 1.656	 1.368	 1.701	 1.437	 92.519	
  254 1.537	 1.609	 1.537	 2.777	 3.546	 1.404	 1.163	 1.338	 1.656	 1.368	 1.701	 1.437	 92.519	
  255 1.537	 1.609	 1.537	 2.777	 3.546	 1.404	 1.163	 1.338	 1.656	 1.368	 1.701	 1.437	 92.519	
  256 1.537	 1.609	 1.537	 2.777	 3.546	 1.404	 1.163	 1.338	 1.656	 1.368	 1.701	 1.437	 92.519	
  257 1.537	 1.609	 1.537	 2.777	 3.546	 1.404	 1.163	 1.338	 1.656	 1.368	 1.701	 1.437	 92.519	
  258 1.537	 1.609	 1.537	 2.777	 3.546	 1.404	 1.163	 1.338	 1.656	 1.368	 1.701	 1.437	 92.519	
  259 1.537	 1.609	 1.537	 2.777	 3.546	 1.404	 1.163	 1.338	 1.656	 1.368	 1.701	 1.437	 92.519	
  260 1.346	 1.610	 1.658	 2.824	 3.833	 1.236	 1.019	 1.239	 1.550	 1.250	 1.738	 1.512	 80.497	
  261 1.346	 1.610	 1.658	 2.824	 3.833	 1.236	 1.019	 1.239	 1.550	 1.250	 1.738	 1.512	 80.497	
  262 1.346	 1.610	 1.658	 2.824	 3.833	 1.236	 1.019	 1.239	 1.550	 1.250	 1.738	 1.512	 80.497	
  263 1.346	 1.610	 1.658	 2.824	 3.833	 1.236	 1.019	 1.239	 1.550	 1.250	 1.738	 1.512	 80.497	
  264 1.346	 1.610	 1.658	 2.824	 3.833	 1.236	 1.019	 1.239	 1.550	 1.250	 1.738	 1.512	 80.497	
  265 1.346	 1.610	 1.658	 2.824	 3.833	 1.236	 1.019	 1.239	 1.550	 1.250	 1.738	 1.512	 80.497	
  266 1.346	 1.610	 1.658	 2.824	 3.833	 1.236	 1.019	 1.239	 1.550	 1.250	 1.738	 1.512	 80.497	
  267 1.496	 1.670	 1.718	 2.535	 3.844	 1.379	 1.124	 1.355	 1.411	 1.407	 1.695	 1.572	 75.229	
  268 1.496	 1.670	 1.718	 2.535	 3.844	 1.379	 1.124	 1.355	 1.411	 1.407	 1.695	 1.572	 75.229	
  269 1.496	 1.670	 1.718	 2.535	 3.844	 1.379	 1.124	 1.355	 1.411	 1.407	 1.695	 1.572	 75.229	
  270 1.496	 1.670	 1.718	 2.535	 3.844	 1.379	 1.124	 1.355	 1.411	 1.407	 1.695	 1.572	 75.229	
  271 1.469	 1.481	 1.406	 2.796	 3.525	 1.454	 1.139	 1.413	 1.704	 1.276	 1.696	 1.608	 94.760	
  272 1.469	 1.481	 1.406	 2.796	 3.525	 1.454	 1.139	 1.413	 1.704	 1.276	 1.696	 1.608	 94.760	
  273 1.469	 1.481	 1.406	 2.796	 3.525	 1.454	 1.139	 1.413	 1.704	 1.276	 1.696	 1.608	 94.760	
  274 1.469	 1.481	 1.406	 2.796	 3.525	 1.454	 1.139	 1.413	 1.704	 1.276	 1.696	 1.608	 94.760	
  275 1.469	 1.481	 1.406	 2.796	 3.525	 1.454	 1.139	 1.413	 1.704	 1.276	 1.696	 1.608	 94.760	
  276 1.469	 1.481	 1.406	 2.796	 3.525	 1.454	 1.139	 1.413	 1.704	 1.276	 1.696	 1.608	 94.760	
  277 1.469	 1.481	 1.406	 2.796	 3.525	 1.454	 1.139	 1.413	 1.704	 1.276	 1.696	 1.608	 94.760	
  278 1.469	 1.481	 1.406	 2.796	 3.525	 1.454	 1.139	 1.413	 1.704	 1.276	 1.696	 1.608	 94.760	
  279 1.469	 1.481	 1.406	 2.796	 3.525	 1.454	 1.139	 1.413	 1.704	 1.276	 1.696	 1.608	 94.760	
  280 1.469	 1.481	 1.406	 2.796	 3.525	 1.454	 1.139	 1.413	 1.704	 1.276	 1.696	 1.608	 94.760	
  281 1.469	 1.481	 1.406	 2.796	 3.525	 1.454	 1.139	 1.413	 1.704	 1.276	 1.696	 1.608	 94.760	
  282 1.469	 1.481	 1.406	 2.796	 3.525	 1.454	 1.139	 1.413	 1.704	 1.276	 1.696	 1.608	 94.760	
  283 1.469	 1.481	 1.406	 2.796	 3.525	 1.454	 1.139	 1.413	 1.704	 1.276	 1.696	 1.608	 94.760	
  284 1.469	 1.481	 1.406	 2.796	 3.525	 1.454	 1.139	 1.413	 1.704	 1.276	 1.696	 1.608	 94.760	
  285 1.469	 1.481	 1.406	 2.796	 3.525	 1.454	 1.139	 1.413	 1.704	 1.276	 1.696	 1.608	 94.760	
  286 1.469	 1.481	 1.406	 2.796	 3.525	 1.454	 1.139	 1.413	 1.704	 1.276	 1.696	 1.608	 94.760	
  287 1.469	 1.481	 1.406	 2.796	 3.525	 1.454	 1.139	 1.413	 1.704	 1.276	 1.696	 1.608	 94.760	
  288 1.469	 1.481	 1.406	 2.796	 3.525	 1.454	 1.139	 1.413	 1.704	 1.276	 1.696	 1.608	 94.760	
  289 1.427	 1.565	 1.561	 2.833	 3.778	 1.297	 1.072	 1.372	 1.661	 1.347	 1.756	 1.527	 84.397	
  290 1.427	 1.565	 1.561	 2.833	 3.778	 1.297	 1.072	 1.372	 1.661	 1.347	 1.756	 1.527	 84.397	
  291 1.427	 1.565	 1.561	 2.833	 3.778	 1.297	 1.072	 1.372	 1.661	 1.347	 1.756	 1.527	 84.397	
  292 1.427	 1.565	 1.561	 2.833	 3.778	 1.297	 1.072	 1.372	 1.661	 1.347	 1.756	 1.527	 84.397	
  293 1.427	 1.565	 1.561	 2.833	 3.778	 1.297	 1.072	 1.372	 1.661	 1.347	 1.756	 1.527	 84.397	
  294 1.590	 1.572	 1.712	 2.688	 3.951	 1.327	 1.067	 1.384	 1.546	 1.321	 1.684	 1.579	 80.484	
  295 1.590	 1.572	 1.712	 2.688	 3.951	 1.327	 1.067	 1.384	 1.546	 1.321	 1.684	 1.579	 80.484	
  296 1.590	 1.572	 1.712	 2.688	 3.951	 1.327	 1.067	 1.384	 1.546	 1.321	 1.684	 1.579	 80.484	
  297 1.590	 1.572	 1.712	 2.688	 3.951	 1.327	 1.067	 1.384	 1.546	 1.321	 1.684	 1.579	 80.484	
  298 1.590	 1.572	 1.712	 2.688	 3.951	 1.327	 1.067	 1.384	 1.546	 1.321	 1.684	 1.579	 80.484	
  299 1.590	 1.572	 1.712	 2.688	 3.951	 1.327	 1.067	 1.384	 1.546	 1.321	 1.684	 1.579	 80.484	
  300 1.438	 1.307	 1.049	 1.882	 2.923	 1.343	 1.190	 1.117	 1.733	 1.618	 1.841	 1.722	 81.474	
  301 1.438	 1.307	 1.049	 1.882	 2.923	 1.343	 1.190	 1.117	 1.733	 1.618	 1.841	 1.722	 81.474	
  302 1.438	 1.307	 1.049	 1.882	 2.923	 1.343	 1.190	 1.117	 1.733	 1.618	 1.841	 1.722	 81.474	
  303 1.460	 1.541	 1.813	 2.966	 3.896	 1.220	 1.043	 1.340	 1.527	 1.266	 1.782	 1.513	 86.038	
  304 1.460	 1.541	 1.813	 2.966	 3.896	 1.220	 1.043	 1.340	 1.527	 1.266	 1.782	 1.513	 86.038	
  305 1.460	 1.541	 1.813	 2.966	 3.896	 1.220	 1.043	 1.340	 1.527	 1.266	 1.782	 1.513	 86.038	
  306 1.460	 1.541	 1.813	 2.966	 3.896	 1.220	 1.043	 1.340	 1.527	 1.266	 1.782	 1.513	 86.038	
  307 1.503	 1.659	 1.635	 2.539	 3.818	 1.238	 1.160	 1.338	 1.620	 1.333	 1.782	 1.678	 73.499	
  308 1.503	 1.659	 1.635	 2.539	 3.818	 1.238	 1.160	 1.338	 1.620	 1.333	 1.782	 1.678	 73.499	
  309 1.503	 1.659	 1.635	 2.539	 3.818	 1.238	 1.160	 1.338	 1.620	 1.333	 1.782	 1.678	 73.499	
  310 1.533	 1.465	 1.741	 2.927	 3.736	 1.281	 1.206	 1.411	 1.542	 1.385	 1.814	 1.424	 90.698	
  311 1.533	 1.465	 1.741	 2.927	 3.736	 1.281	 1.206	 1.411	 1.542	 1.385	 1.814	 1.424	 90.698	
  312 1.533	 1.465	 1.741	 2.927	 3.736	 1.281	 1.206	 1.411	 1.542	 1.385	 1.814	 1.424	 90.698	
  313 1.567	 1.657	 1.685	 2.450	 3.829	 1.289	 1.096	 1.391	 1.584	 1.460	 1.610	 1.483	 74.477	
  314 1.567	 1.657	 1.685	 2.450	 3.829	 1.289	 1.096	 1.391	 1.584	 1.460	 1.610	 1.483	 74.477	
  315 1.567	 1.657	 1.685	 2.450	 3.829	 1.289	 1.096	 1.391	 1.584	 1.460	 1.610	 1.483	 74.477	
  316 1.567	 1.657	 1.685	 2.450	 3.829	 1.289	 1.096	 1.391	 1.584	 1.460	 1.610	 1.483	 74.477	
  317 1.567	 1.657	 1.685	 2.450	 3.829	 1.289	 1.096	 1.391	 1.584	 1.460	 1.610	 1.483	 74.477	
  318 1.567	 1.657	 1.685	 2.450	 3.829	 1.289	 1.096	 1.391	 1.584	 1.460	 1.610	 1.483	 74.477	
  319 1.567	 1.657	 1.685	 2.450	 3.829	 1.289	 1.096	 1.391	 1.584	 1.460	 1.610	 1.483	 74.477	
  320 1.567	 1.657	 1.685	 2.450	 3.829	 1.289	 1.096	 1.391	 1.584	 1.460	 1.610	 1.483	 74.477	
  321 1.567	 1.657	 1.685	 2.450	 3.829	 1.289	 1.096	 1.391	 1.584	 1.460	 1.610	 1.483	 74.477	
  322 1.567	 1.657	 1.685	 2.450	 3.829	 1.289	 1.096	 1.391	 1.584	 1.460	 1.610	 1.483	 74.477	
  323 1.567	 1.657	 1.685	 2.450	 3.829	 1.289	 1.096	 1.391	 1.584	 1.460	 1.610	 1.483	 74.477	
  324 1.567	 1.657	 1.685	 2.450	 3.829	 1.289	 1.096	 1.391	 1.584	 1.460	 1.610	 1.483	 74.477	
  325 1.567	 1.657	 1.685	 2.450	 3.829	 1.289	 1.096	 1.391	 1.584	 1.460	 1.610	 1.483	 74.477	
  326 1.567	 1.657	 1.685	 2.450	 3.829	 1.289	 1.096	 1.391	 1.584	 1.460	 1.610	 1.483	 74.477	
  327 1.567	 1.657	 1.685	 2.450	 3.829	 1.289	 1.096	 1.391	 1.584	 1.460	 1.610	 1.483	 74.477	
  328 1.567	 1.657	 1.685	 2.450	 3.829	 1.289	 1.096	 1.391	 1.584	 1.460	 1.610	 1.483	 74.477	
  329 1.503	 1.688	 1.675	 2.342	 3.898	 1.319	 1.146	 1.314	 1.455	 1.480	 1.743	 1.583	 74.395	
  330 1.503	 1.688	 1.675	 2.342	 3.898	 1.319	 1.146	 1.314	 1.455	 1.480	 1.743	 1.583	 74.395	
  331 1.503	 1.688	 1.675	 2.342	 3.898	 1.319	 1.146	 1.314	 1.455	 1.480	 1.743	 1.583	 74.395	
  332 1.503	 1.688	 1.675	 2.342	 3.898	 1.319	 1.146	 1.314	 1.455	 1.480	 1.743	 1.583	 74.395	
  333 1.503	 1.688	 1.675	 2.342	 3.898	 1.319	 1.146	 1.314	 1.455	 1.480	 1.743	 1.583	 74.395	
  334 1.503	 1.688	 1.675	 2.342	 3.898	 1.319	 1.146	 1.314	 1.455	 1.480	 1.743	 1.583	 74.395	
  335 1.503	 1.688	 1.675	 2.342	 3.898	 1.319	 1.146	 1.314	 1.455	 1.480	 1.743	 1.583	 74.395	
  336 1.503	 1.688	 1.675	 2.342	 3.898	 1.319	 1.146	 1.314	 1.455	 1.480	 1.743	 1.583	 74.395	
  337 1.503	 1.688	 1.675	 2.342	 3.898	 1.319	 1.146	 1.314	 1.455	 1.480	 1.743	 1.583	 74.395	
  338 1.503	 1.688	 1.675	 2.342	 3.898	 1.319	 1.146	 1.314	 1.455	 1.480	 1.743	 1.583	 74.395	
  339 1.503	 1.688	 1.675	 2.342	 3.898	 1.319	 1.146	 1.314	 1.455	 1.480	 1.743	 1.583	 74.395	
  340 1.503	 1.688	 1.675	 2.342	 3.898	 1.319	 1.146	 1.314	 1.455	 1.480	 1.743	 1.583	 74.395	
  341 1.503	 1.688	 1.675	 2.342	 3.898	 1.319	 1.146	 1.314	 1.455	 1.480	 1.743	 1.583	 74.395	
  342 1.503	 1.688	 1.675	 2.342	 3.898	 1.319	 1.146	 1.314	 1.455	 1.480	 1.743	 1.583	 74.395	
  343 1.503	 1.688	 1.675	 2.342	 3.898	 1.319	 1.146	 1.314	 1.455	 1.480	 1.743	 1.583	 74.395	
  344 1.503	 1.688	 1.675	 2.342	 3.898	 1.319	 1.146	 1.314	 1.455	 1.480	 1.743	 1.583	 74.395	
  345 1.503	 1.688	 1.675	 2.342	 3.898	 1.319	 1.146	 1.314	 1.455	 1.480	 1.743	 1.583	 74.395	
  346 1.503	 1.688	 1.675	 2.342	 3.898	 1.319	 1.146	 1.314	 1.455	 1.480	 1.743	 1.583	 74.395	
  347 1.394	 1.656	 1.731	 2.823	 3.708	 1.153	 1.208	 1.393	 1.615	 1.250	 1.904	 1.464	 78.583	
  348 1.394	 1.656	 1.731	 2.823	 3.708	 1.153	 1.208	 1.393	 1.615	 1.250	 1.904	 1.464	 78.583	
  349 1.394	 1.656	 1.731	 2.823	 3.708	 1.153	 1.208	 1.393	 1.615	 1.250	 1.904	 1.464	 78.583	
  350 1.394	 1.656	 1.731	 2.823	 3.708	 1.153	 1.208	 1.393	 1.615	 1.250	 1.904	 1.464	 78.583	
  351 1.394	 1.656	 1.731	 2.823	 3.708	 1.153	 1.208	 1.393	 1.615	 1.250	 1.904	 1.464	 78.583	
  352 1.394	 1.656	 1.731	 2.823	 3.708	 1.153	 1.208	 1.393	 1.615	 1.250	 1.904	 1.464	 78.583	
  353 1.394	 1.656	 1.731	 2.823	 3.708	 1.153	 1.208	 1.393	 1.615	 1.250	 1.904	 1.464	 78.583	
  354 1.394	 1.656	 1.731	 2.823	 3.708	 1.153	 1.208	 1.393	 1.615	 1.250	 1.904	 1.464	 78.583	
  355 1.394	 1.656	 1.731	 2.823	 3.708	 1.153	 1.208	 1.393	 1.615	 1.250	 1.904	 1.464	 78.583	
  356 1.394	 1.656	 1.731	 2.823	 3.708	 1.153	 1.208	 1.393	 1.615	 1.250	 1.904	 1.464	 78.583	
  357 1.394	 1.656	 1.731	 2.823	 3.708	 1.153	 1.208	 1.393	 1.615	 1.250	 1.904	 1.464	 78.583	
  358 1.394	 1.656	 1.731	 2.823	 3.708	 1.153	 1.208	 1.393	 1.615	 1.250	 1.904	 1.464	 78.583	
  359 1.394	 1.656	 1.731	 2.823	 3.708	 1.153	 1.208	 1.393	 1.615	 1.250	 1.904	 1.464	 78.583	
  360 1.394	 1.656	 1.731	 2.823	 3.708	 1.153	 1.208	 1.393	 1.615	 1.250	 1.904	 1.464	 78.583	
  361 1.394	 1.656	 1.731	 2.823	 3.708	 1.153	 1.208	 1.393	 1.615	 1.250	 1.904	 1.464	 78.583	
  362 1.394	 1.656	 1.731	 2.823	 3.708	 1.153	 1.208	 1.393	 1.615	 1.250	 1.904	 1.464	 78.583	
  363 1.394	 1.656	 1.731	 2.823	 3.708	 1.153	 1.208	 1.393	 1.615	 1.250	 1.904	 1.464	 78.583	
  364 1.394	 1.656	 1.731	 2.823	 3.708	 1.153	 1.208	 1.393	 1.615	 1.250	 1.904	 1.464	 78.583	
  365 1.394	 1.656	 1.731	 2.823	 3.708	 1.153	 1.208	 1.393	 1.615	 1.250	 1.904	 1.464	 78.583	
  366 1.394	 1.656	 1.731	 2.823	 3.708	 1.153	 1.208	 1.393	 1.615	 1.250	 1.904	 1.464	 78.583	
  367 1.394	 1.656	 1.731	 2.823	 3.708	 1.153	 1.208	 1.393	 1.615	 1.250	 1.904	 1.464	 78.583	
  368 1.394	 1.656	 1.731	 2.823	 3.708	 1.153	 1.208	 1.393	 1.615	 1.250	 1.904	 1.464	 78.583	
  369 1.394	 1.656	 1.731	 2.823	 3.708	 1.153	 1.208	 1.393	 1.615	 1.250	 1.904	 1.464	 78.583	
  370 1.394	 1.656	 1.731	 2.823	 3.708	 1.153	 1.208	 1.393	 1.615	 1.250	 1.904	 1.464	 78.583	
  371 1.452	 1.728	 1.100	 2.334	 2.949	 1.183	 1.363	 1.207	 1.684	 1.403	 1.793	 1.283	 85.590	
  372 1.500	 1.942	 1.309	 1.900	 3.510	 1.147	 1.222	 1.445	 1.533	 1.376	 1.885	 1.932	 58.936	
  373 1.500	 1.942	 1.309	 1.900	 3.510	 1.147	 1.222	 1.445	 1.533	 1.376	 1.885	 1.932	 58.936	
  374 1.500	 1.942	 1.309	 1.900	 3.510	 1.147	 1.222	 1.445	 1.533	 1.376	 1.885	 1.932	 58.936	
  375 1.500	 1.942	 1.309	 1.900	 3.510	 1.147	 1.222	 1.445	 1.533	 1.376	 1.885	 1.932	 58.936	
  376 1.500	 1.942	 1.309	 1.900	 3.510	 1.147	 1.222	 1.445	 1.533	 1.376	 1.885	 1.932	 58.936	
  377 1.500	 1.942	 1.309	 1.900	 3.510	 1.147	 1.222	 1.445	 1.533	 1.376	 1.885	 1.932	 58.936	
  378 1.414	 1.824	 1.732	 2.476	 3.928	 1.330	 1.149	 1.345	 1.473	 1.326	 1.720	 1.590	 65.108	
  379 1.414	 1.824	 1.732	 2.476	 3.928	 1.330	 1.149	 1.345	 1.473	 1.326	 1.720	 1.590	 65.108	
  380 1.585	 2.095	 1.743	 1.907	 3.887	 1.321	 1.135	 1.418	 1.457	 1.259	 1.733	 1.752	 45.302	
  381 1.585	 2.095	 1.743	 1.907	 3.887	 1.321	 1.135	 1.418	 1.457	 1.259	 1.733	 1.752	 45.302	
  382 1.585	 2.095	 1.743	 1.907	 3.887	 1.321	 1.135	 1.418	 1.457	 1.259	 1.733	 1.752	 45.302	
  383 1.585	 2.095	 1.743	 1.907	 3.887	 1.321	 1.135	 1.418	 1.457	 1.259	 1.733	 1.752	 45.302	
  384 1.585	 2.095	 1.743	 1.907	 3.887	 1.321	 1.135	 1.418	 1.457	 1.259	 1.733	 1.752	 45.302	
  385 1.585	 2.095	 1.743	 1.907	 3.887	 1.321	 1.135	 1.418	 1.457	 1.259	 1.733	 1.752	 45.302	
  386 1.585	 2.095	 1.743	 1.907	 3.887	 1.321	 1.135	 1.418	 1.457	 1.259	 1.733	 1.752	 45.302	
  387 1.401	 1.651	 1.943	 2.665	 3.880	 1.360	 1.089	 1.413	 1.449	 1.310	 1.704	 1.551	 72.288	
  388 1.401	 1.651	 1.943	 2.665	 3.880	 1.360	 1.089	 1.413	 1.449	 1.310	 1.704	 1.551	 72.288	
  389 1.401	 1.651	 1.943	 2.665	 3.880	 1.360	 1.089	 1.413	 1.449	 1.310	 1.704	 1.551	 72.288	
  390 1.401	 1.651	 1.943	 2.665	 3.880	 1.360	 1.089	 1.413	 1.449	 1.310	 1.704	 1.551	 72.288	
  391 1.401	 1.651	 1.943	 2.665	 3.880	 1.360	 1.089	 1.413	 1.449	 1.310	 1.704	 1.551	 72.288	
  392 1.401	 1.651	 1.943	 2.665	 3.880	 1.360	 1.089	 1.413	 1.449	 1.310	 1.704	 1.551	 72.288	
  393 1.401	 1.651	 1.943	 2.665	 3.880	 1.360	 1.089	 1.413	 1.449	 1.310	 1.704	 1.551	 72.288	
  394 1.401	 1.651	 1.943	 2.665	 3.880	 1.360	 1.089	 1.413	 1.449	 1.310	 1.704	 1.551	 72.288	
  395 1.401	 1.651	 1.943	 2.665	 3.880	 1.360	 1.089	 1.413	 1.449	 1.310	 1.704	 1.551	 72.288	
  396 1.402	 1.796	 1.740	 2.659	 3.920	 1.468	 1.210	 1.298	 1.598	 1.295	 1.662	 1.578	 81.928	
  397 1.402	 1.796	 1.740	 2.659	 3.920	 1.468	 1.210	 1.298	 1.598	 1.295	 1.662	 1.578	 81.928	
  398 1.402	 1.796	 1.740	 2.659	 3.920	 1.468	 1.210	 1.298	 1.598	 1.295	 1.662	 1.578	 81.928	
  399 1.402	 1.796	 1.740	 2.659	 3.920	 1.468	 1.210	 1.298	 1.598	 1.295	 1.662	 1.578	 81.928	
  400 1.402	 1.796	 1.740	 2.659	 3.920	 1.468	 1.210	 1.298	 1.598	 1.295	 1.662	 1.578	 81.928	
  401 1.522	 1.798	 1.680	 2.441	 3.903	 1.342	 1.078	 1.339	 1.439	 1.441	 1.738	 1.404	 67.319	
  402 1.522	 1.798	 1.680	 2.441	 3.903	 1.342	 1.078	 1.339	 1.439	 1.441	 1.738	 1.404	 67.319	
  403 1.522	 1.798	 1.680	 2.441	 3.903	 1.342	 1.078	 1.339	 1.439	 1.441	 1.738	 1.404	 67.319	
  404 1.522	 1.798	 1.680	 2.441	 3.903	 1.342	 1.078	 1.339	 1.439	 1.441	 1.738	 1.404	 67.319	
  405 1.522	 1.798	 1.680	 2.441	 3.903	 1.342	 1.078	 1.339	 1.439	 1.441	 1.738	 1.404	 67.319	
  406 1.522	 1.798	 1.680	 2.441	 3.903	 1.342	 1.078	 1.339	 1.439	 1.441	 1.738	 1.404	 67.319	
  407 1.509	 1.687	 1.668	 2.800	 3.883	 1.463	 1.106	 1.474	 1.555	 1.256	 1.777	 1.733	 86.462	
  408 1.509	 1.687	 1.668	 2.800	 3.883	 1.463	 1.106	 1.474	 1.555	 1.256	 1.777	 1.733	 86.462	
  409 1.509	 1.687	 1.668	 2.800	 3.883	 1.463	 1.106	 1.474	 1.555	 1.256	 1.777	 1.733	 86.462	
  410 1.509	 1.687	 1.668	 2.800	 3.883	 1.463	 1.106	 1.474	 1.555	 1.256	 1.777	 1.733	 86.462	
  411 1.448	 1.482	 1.940	 3.035	 3.632	 1.402	 1.103	 1.356	 1.614	 1.478	 1.701	 1.452	 95.273	
  412 1.448	 1.482	 1.940	 3.035	 3.632	 1.402	 1.103	 1.356	 1.614	 1.478	 1.701	 1.452	 95.273	
  413 1.448	 1.482	 1.940	 3.035	 3.632	 1.402	 1.103	 1.356	 1.614	 1.478	 1.701	 1.452	 95.273	
  414 1.448	 1.482	 1.940	 3.035	 3.632	 1.402	 1.103	 1.356	 1.614	 1.478	 1.701	 1.452	 95.273	
  415 1.448	 1.482	 1.940	 3.035	 3.632	 1.402	 1.103	 1.356	 1.614	 1.478	 1.701	 1.452	 95.273	
  416 1.448	 1.482	 1.940	 3.035	 3.632	 1.402	 1.103	 1.356	 1.614	 1.478	 1.701	 1.452	 95.273	
  417 1.448	 1.482	 1.940	 3.035	 3.632	 1.402	 1.103	 1.356	 1.614	 1.478	 1.701	 1.452	 95.273	
  418 1.448	 1.482	 1.940	 3.035	 3.632	 1.402	 1.103	 1.356	 1.614	 1.478	 1.701	 1.452	 95.273	
  419 1.471	 1.692	 1.617	 2.786	 3.880	 1.542	 0.988	 1.476	 1.395	 1.493	 1.839	 1.813	 73.867	
  420 1.471	 1.692	 1.617	 2.786	 3.880	 1.542	 0.988	 1.476	 1.395	 1.493	 1.839	 1.813	 73.867	
  421 1.471	 1.692	 1.617	 2.786	 3.880	 1.542	 0.988	 1.476	 1.395	 1.493	 1.839	 1.813	 73.867	
  422 1.471	 1.692	 1.617	 2.786	 3.880	 1.542	 0.988	 1.476	 1.395	 1.493	 1.839	 1.813	 73.867	
  423 1.471	 1.692	 1.617	 2.786	 3.880	 1.542	 0.988	 1.476	 1.395	 1.493	 1.839	 1.813	 73.867	
  424 1.578	 1.461	 1.838	 2.753	 3.967	 1.470	 1.011	 1.449	 1.248	 1.534	 1.522	 1.341	 69.682	
  425 1.578	 1.461	 1.838	 2.753	 3.967	 1.470	 1.011	 1.449	 1.248	 1.534	 1.522	 1.341	 69.682	
  426 1.578	 1.461	 1.838	 2.753	 3.967	 1.470	 1.011	 1.449	 1.248	 1.534	 1.522	 1.341	 69.682	
  427 1.479	 1.651	 1.691	 3.060	 3.779	 1.433	 1.247	 1.451	 1.649	 1.352	 1.803	 1.364	 97.437	
  428 1.479	 1.651	 1.691	 3.060	 3.779	 1.433	 1.247	 1.451	 1.649	 1.352	 1.803	 1.364	 97.437	
  429 1.479	 1.651	 1.691	 3.060	 3.779	 1.433	 1.247	 1.451	 1.649	 1.352	 1.803	 1.364	 97.437	
  430 1.479	 1.651	 1.691	 3.060	 3.779	 1.433	 1.247	 1.451	 1.649	 1.352	 1.803	 1.364	 97.437	
  431 1.479	 1.389	 1.928	 3.278	 3.820	 1.350	 1.158	 1.297	 1.590	 1.328	 1.645	 1.291	 104.843	
  432 1.479	 1.389	 1.928	 3.278	 3.820	 1.350	 1.158	 1.297	 1.590	 1.328	 1.645	 1.291	 104.843	
  433 1.760	 1.933	 1.820	 1.957	 3.856	 1.241	 1.207	 1.325	 1.578	 1.446	 1.543	 1.592	 60.475	
  434 1.760	 1.933	 1.820	 1.957	 3.856	 1.241	 1.207	 1.325	 1.578	 1.446	 1.543	 1.592	 60.475	
  435 1.760	 1.933	 1.820	 1.957	 3.856	 1.241	 1.207	 1.325	 1.578	 1.446	 1.543	 1.592	 60.475	
  436 1.760	 1.933	 1.820	 1.957	 3.856	 1.241	 1.207	 1.325	 1.578	 1.446	 1.543	 1.592	 60.475	
  437 1.760	 1.933	 1.820	 1.957	 3.856	 1.241	 1.207	 1.325	 1.578	 1.446	 1.543	 1.592	 60.475	
  438 1.760	 1.933	 1.820	 1.957	 3.856	 1.241	 1.207	 1.325	 1.578	 1.446	 1.543	 1.592	 60.475	
  439 1.760	 1.933	 1.820	 1.957	 3.856	 1.241	 1.207	 1.325	 1.578	 1.446	 1.543	 1.592	 60.475	
  440 1.760	 1.933	 1.820	 1.957	 3.856	 1.241	 1.207	 1.325	 1.578	 1.446	 1.543	 1.592	 60.475	
  441 1.760	 1.933	 1.820	 1.957	 3.856	 1.241	 1.207	 1.325	 1.578	 1.446	 1.543	 1.592	 60.475	
  442 1.591	 1.567	 1.704	 2.924	 3.862	 1.505	 1.071	 1.530	 1.586	 1.487	 1.716	 1.643	 87.759	
  443 1.591	 1.567	 1.704	 2.924	 3.862	 1.505	 1.071	 1.530	 1.586	 1.487	 1.716	 1.643	 87.759	
  444 1.591	 1.567	 1.704	 2.924	 3.862	 1.505	 1.071	 1.530	 1.586	 1.487	 1.716	 1.643	 87.759	
  445 1.591	 1.567	 1.704	 2.924	 3.862	 1.505	 1.071	 1.530	 1.586	 1.487	 1.716	 1.643	 87.759	
  446 1.591	 1.567	 1.704	 2.924	 3.862	 1.505	 1.071	 1.530	 1.586	 1.487	 1.716	 1.643	 87.759	
  447 1.591	 1.567	 1.704	 2.924	 3.862	 1.505	 1.071	 1.530	 1.586	 1.487	 1.716	 1.643	 87.759	
  448 1.591	 1.567	 1.704	 2.924	 3.862	 1.505	 1.071	 1.530	 1.586	 1.487	 1.716	 1.643	 87.759	
  449 1.591	 1.567	 1.704	 2.924	 3.862	 1.505	 1.071	 1.530	 1.586	 1.487	 1.716	 1.643	 87.759	
  450 1.591	 1.567	 1.704	 2.924	 3.862	 1.505	 1.071	 1.530	 1.586	 1.487	 1.716	 1.643	 87.759	
  451 1.591	 1.567	 1.704	 2.924	 3.862	 1.505	 1.071	 1.530	 1.586	 1.487	 1.716	 1.643	 87.759	
  452 1.591	 1.567	 1.704	 2.924	 3.862	 1.505	 1.071	 1.530	 1.586	 1.487	 1.716	 1.643	 87.759	
  453 1.591	 1.567	 1.704	 2.924	 3.862	 1.505	 1.071	 1.530	 1.586	 1.487	 1.716	 1.643	 87.759	
  454 1.591	 1.567	 1.704	 2.924	 3.862	 1.505	 1.071	 1.530	 1.586	 1.487	 1.716	 1.643	 87.759	
  455 1.591	 1.567	 1.704	 2.924	 3.862	 1.505	 1.071	 1.530	 1.586	 1.487	 1.716	 1.643	 87.759	
  456 1.591	 1.567	 1.704	 2.924	 3.862	 1.505	 1.071	 1.530	 1.586	 1.487	 1.716	 1.643	 87.759	
  457 1.591	 1.567	 1.704	 2.924	 3.862	 1.505	 1.071	 1.530	 1.586	 1.487	 1.716	 1.643	 87.759	
  458 1.591	 1.567	 1.704	 2.924	 3.862	 1.505	 1.071	 1.530	 1.586	 1.487	 1.716	 1.643	 87.759	
  459 1.591	 1.567	 1.704	 2.924	 3.862	 1.505	 1.071	 1.530	 1.586	 1.487	 1.716	 1.643	 87.759	
  460 1.591	 1.567	 1.704	 2.924	 3.862	 1.505	 1.071	 1.530	 1.586	 1.487	 1.716	 1.643	 87.759	
  461 1.591	 1.567	 1.704	 2.924	 3.862	 1.505	 1.071	 1.530	 1.586	 1.487	 1.716	 1.643	 87.759	
  462 1.591	 1.567	 1.704	 2.924	 3.862	 1.505	 1.071	 1.530	 1.586	 1.487	 1.716	 1.643	 87.759	
  463 1.591	 1.567	 1.704	 2.924	 3.862	 1.505	 1.071	 1.530	 1.586	 1.487	 1.716	 1.643	 87.759	
  464 1.591	 1.567	 1.704	 2.924	 3.862	 1.505	 1.071	 1.530	 1.586	 1.487	 1.716	 1.643	 87.759	
  465 1.591	 1.567	 1.704	 2.924	 3.862	 1.505	 1.071	 1.530	 1.586	 1.487	 1.716	 1.643	 87.759	
  466 1.591	 1.567	 1.704	 2.924	 3.862	 1.505	 1.071	 1.530	 1.586	 1.487	 1.716	 1.643	 87.759	
  467 1.591	 1.567	 1.704	 2.924	 3.862	 1.505	 1.071	 1.530	 1.586	 1.487	 1.716	 1.643	 87.759	
  468 1.591	 1.567	 1.704	 2.924	 3.862	 1.505	 1.071	 1.530	 1.586	 1.487	 1.716	 1.643	 87.759	
  469 1.591	 1.567	 1.704	 2.924	 3.862	 1.505	 1.071	 1.530	 1.586	 1.487	 1.716	 1.643	 87.759	
  470 1.647	 1.632	 1.555	 2.763	 3.920	 1.570	 1.109	 1.452	 1.433	 1.349	 1.750	 1.369	 85.097	
  471 1.406	 1.650	 1.624	 3.102	 3.894	 1.518	 1.054	 1.541	 1.538	 1.353	 1.824	 1.494	 93.788	
  472 1.406	 1.650	 1.624	 3.102	 3.894	 1.518	 1.054	 1.541	 1.538	 1.353	 1.824	 1.494	 93.788	
  473 1.406	 1.650	 1.624	 3.102	 3.894	 1.518	 1.054	 1.541	 1.538	 1.353	 1.824	 1.494	 93.788	
  474 1.406	 1.650	 1.624	 3.102	 3.894	 1.518	 1.054	 1.541	 1.538	 1.353	 1.824	 1.494	 93.788	
  475 1.406	 1.650	 1.624	 3.102	 3.894	 1.518	 1.054	 1.541	 1.538	 1.353	 1.824	 1.494	 93.788	
  476 1.406	 1.650	 1.624	 3.102	 3.894	 1.518	 1.054	 1.541	 1.538	 1.353	 1.824	 1.494	 93.788	
  477 1.406	 1.650	 1.624	 3.102	 3.894	 1.518	 1.054	 1.541	 1.538	 1.353	 1.824	 1.494	 93.788	
  478 1.394	 1.509	 1.802	 3.227	 3.780	 1.176	 1.053	 1.557	 1.383	 1.457	 1.953	 1.383	 90.446	
  479 1.394	 1.509	 1.802	 3.227	 3.780	 1.176	 1.053	 1.557	 1.383	 1.457	 1.953	 1.383	 90.446	
  480 1.394	 1.509	 1.802	 3.227	 3.780	 1.176	 1.053	 1.557	 1.383	 1.457	 1.953	 1.383	 90.446	
  481 1.394	 1.509	 1.802	 3.227	 3.780	 1.176	 1.053	 1.557	 1.383	 1.457	 1.953	 1.383	 90.446	
  482 1.488	 1.598	 1.861	 3.085	 3.797	 1.236	 1.131	 1.447	 1.409	 1.382	 1.822	 1.145	 82.050	
  483 1.488	 1.598	 1.861	 3.085	 3.797	 1.236	 1.131	 1.447	 1.409	 1.382	 1.822	 1.145	 82.050	
  484 1.488	 1.598	 1.861	 3.085	 3.797	 1.236	 1.131	 1.447	 1.409	 1.382	 1.822	 1.145	 82.050	
  485 1.488	 1.598	 1.861	 3.085	 3.797	 1.236	 1.131	 1.447	 1.409	 1.382	 1.822	 1.145	 82.050	
  486 1.488	 1.598	 1.861	 3.085	 3.797	 1.236	 1.131	 1.447	 1.409	 1.382	 1.822	 1.145	 82.050	
  487 1.376	 1.639	 1.899	 2.715	 3.862	 1.227	 1.070	 1.599	 1.209	 1.291	 1.896	 1.659	 65.876	
  488 1.376	 1.639	 1.899	 2.715	 3.862	 1.227	 1.070	 1.599	 1.209	 1.291	 1.896	 1.659	 65.876	
  489 1.376	 1.639	 1.899	 2.715	 3.862	 1.227	 1.070	 1.599	 1.209	 1.291	 1.896	 1.659	 65.876	
  490 1.376	 1.639	 1.899	 2.715	 3.862	 1.227	 1.070	 1.599	 1.209	 1.291	 1.896	 1.659	 65.876	
  491 1.376	 1.639	 1.899	 2.715	 3.862	 1.227	 1.070	 1.599	 1.209	 1.291	 1.896	 1.659	 65.876	
  492 1.376	 1.639	 1.899	 2.715	 3.862	 1.227	 1.070	 1.599	 1.209	 1.291	 1.896	 1.659	 65.876	
  493 1.376	 1.639	 1.899	 2.715	 3.862	 1.227	 1.070	 1.599	 1.209	 1.291	 1.896	 1.659	 65.876	
  494 1.376	 1.639	 1.899	 2.715	 3.862	 1.227	 1.070	 1.599	 1.209	 1.291	 1.896	 1.659	 65.876	
  495 1.376	 1.639	 1.899	 2.715	 3.862	 1.227	 1.070	 1.599	 1.209	 1.291	 1.896	 1.659	 65.876	
  496 1.376	 1.639	 1.899	 2.715	 3.862	 1.227	 1.070	 1.599	 1.209	 1.291	 1.896	 1.659	 65.876	
  497 1.376	 1.639	 1.899	 2.715	 3.862	 1.227	 1.070	 1.599	 1.209	 1.291	 1.896	 1.659	 65.876	
  498 1.376	 1.639	 1.899	 2.715	 3.862	 1.227	 1.070	 1.599	 1.209	 1.291	 1.896	 1.659	 65.876	
  499 1.376	 1.639	 1.899	 2.715	 3.862	 1.227	 1.070	 1.599	 1.209	 1.291	 1.896	 1.659	 65.876	
  500 1.466	 1.683	 1.893	 2.571	 3.997	 1.384	 1.078	 1.410	 1.474	 1.439	 1.822	 1.527	 71.309	
